[2025-05-14T05:27:07.412+0000] {taskinstance.py:1171} INFO - Dependencies all met for <TaskInstance: Sales_Performance_ETL.Transform_Data manual__2025-05-14T05:27:01.938084+00:00 [queued]>
[2025-05-14T05:27:07.424+0000] {taskinstance.py:1171} INFO - Dependencies all met for <TaskInstance: Sales_Performance_ETL.Transform_Data manual__2025-05-14T05:27:01.938084+00:00 [queued]>
[2025-05-14T05:27:07.425+0000] {taskinstance.py:1368} INFO - 
--------------------------------------------------------------------------------
[2025-05-14T05:27:07.427+0000] {taskinstance.py:1369} INFO - Starting attempt 1 of 2
[2025-05-14T05:27:07.427+0000] {taskinstance.py:1370} INFO - 
--------------------------------------------------------------------------------
[2025-05-14T05:27:07.442+0000] {taskinstance.py:1389} INFO - Executing <Task(BashOperator): Transform_Data> on 2025-05-14 05:27:01.938084+00:00
[2025-05-14T05:27:07.447+0000] {standard_task_runner.py:52} INFO - Started process 359 to run task
[2025-05-14T05:27:07.451+0000] {standard_task_runner.py:79} INFO - Running: ['***', 'tasks', 'run', 'Sales_Performance_ETL', 'Transform_Data', 'manual__2025-05-14T05:27:01.938084+00:00', '--job-id', '5', '--raw', '--subdir', 'DAGS_FOLDER/P2M3_Hisham_Audiputra_Suharto_DAG.py', '--cfg-path', '/tmp/tmplb_76h2y', '--error-file', '/tmp/tmp5w4q_167']
[2025-05-14T05:27:07.453+0000] {standard_task_runner.py:80} INFO - Job 5: Subtask Transform_Data
[2025-05-14T05:27:07.538+0000] {task_command.py:371} INFO - Running <TaskInstance: Sales_Performance_ETL.Transform_Data manual__2025-05-14T05:27:01.938084+00:00 [running]> on host 2b7490cbbc81
[2025-05-14T05:27:07.638+0000] {taskinstance.py:1583} INFO - Exporting the following env vars:
AIRFLOW_CTX_DAG_OWNER=Hisham
AIRFLOW_CTX_DAG_ID=Sales_Performance_ETL
AIRFLOW_CTX_TASK_ID=Transform_Data
AIRFLOW_CTX_EXECUTION_DATE=2025-05-14T05:27:01.938084+00:00
AIRFLOW_CTX_TRY_NUMBER=1
AIRFLOW_CTX_DAG_RUN_ID=manual__2025-05-14T05:27:01.938084+00:00
[2025-05-14T05:27:07.639+0000] {subprocess.py:62} INFO - Tmp dir root location: 
 /tmp
[2025-05-14T05:27:07.641+0000] {subprocess.py:74} INFO - Running command: ['/bin/bash', '-c', 'sudo -u *** python /opt/***/scripts/Transform_Data.py']
[2025-05-14T05:27:07.650+0000] {subprocess.py:85} INFO - Output:
[2025-05-14T05:27:09.221+0000] {subprocess.py:92} INFO - WARNING: An illegal reflective access operation has occurred
[2025-05-14T05:27:09.222+0000] {subprocess.py:92} INFO - WARNING: Illegal reflective access by org.apache.spark.unsafe.Platform (file:/home/***/.local/lib/python3.7/site-packages/pyspark/jars/spark-unsafe_2.12-3.1.2.jar) to constructor java.nio.DirectByteBuffer(long,int)
[2025-05-14T05:27:09.222+0000] {subprocess.py:92} INFO - WARNING: Please consider reporting this to the maintainers of org.apache.spark.unsafe.Platform
[2025-05-14T05:27:09.223+0000] {subprocess.py:92} INFO - WARNING: Use --illegal-access=warn to enable warnings of further illegal reflective access operations
[2025-05-14T05:27:09.223+0000] {subprocess.py:92} INFO - WARNING: All illegal access operations will be denied in a future release
[2025-05-14T05:27:09.376+0000] {subprocess.py:92} INFO - :: loading settings :: url = jar:file:/home/***/.local/lib/python3.7/site-packages/pyspark/jars/ivy-2.4.0.jar!/org/apache/ivy/core/settings/ivysettings.xml
[2025-05-14T05:27:09.444+0000] {subprocess.py:92} INFO - Ivy Default Cache set to: /home/***/.ivy2/cache
[2025-05-14T05:27:09.445+0000] {subprocess.py:92} INFO - The jars for the packages stored in: /home/***/.ivy2/jars
[2025-05-14T05:27:09.449+0000] {subprocess.py:92} INFO - org.postgresql#postgresql added as a dependency
[2025-05-14T05:27:09.450+0000] {subprocess.py:92} INFO - :: resolving dependencies :: org.apache.spark#spark-submit-parent-f12b0101-ef7d-448f-a432-0649d23e6bbd;1.0
[2025-05-14T05:27:09.451+0000] {subprocess.py:92} INFO - 	confs: [default]
[2025-05-14T05:27:11.690+0000] {subprocess.py:92} INFO - 	found org.postgresql#postgresql;42.6.0 in central
[2025-05-14T05:27:12.905+0000] {subprocess.py:92} INFO - 	found org.checkerframework#checker-qual;3.31.0 in central
[2025-05-14T05:27:12.919+0000] {subprocess.py:92} INFO - downloading https://repo1.maven.org/maven2/org/postgresql/postgresql/42.6.0/postgresql-42.6.0.jar ...
[2025-05-14T05:27:14.331+0000] {subprocess.py:92} INFO - :: resolution report :: resolve 3467ms :: artifacts dl 1414ms
[2025-05-14T05:27:14.331+0000] {subprocess.py:92} INFO - 	:: modules in use:
[2025-05-14T05:27:14.332+0000] {subprocess.py:92} INFO - 	org.checkerframework#checker-qual;3.31.0 from central in [default]
[2025-05-14T05:27:14.333+0000] {subprocess.py:92} INFO - 	org.postgresql#postgresql;42.6.0 from central in [default]
[2025-05-14T05:27:14.333+0000] {subprocess.py:92} INFO - 	---------------------------------------------------------------------
[2025-05-14T05:27:14.333+0000] {subprocess.py:92} INFO - 	|                  |            modules            ||   artifacts   |
[2025-05-14T05:27:14.334+0000] {subprocess.py:92} INFO - 	|       conf       | number| search|dwnlded|evicted|| number|dwnlded|
[2025-05-14T05:27:14.334+0000] {subprocess.py:92} INFO - 	---------------------------------------------------------------------
[2025-05-14T05:27:14.335+0000] {subprocess.py:92} INFO - 	|      default     |   2   |   2   |   2   |   0   ||   2   |   0   |
[2025-05-14T05:27:14.335+0000] {subprocess.py:92} INFO - 	---------------------------------------------------------------------
[2025-05-14T05:27:14.335+0000] {subprocess.py:92} INFO - 
[2025-05-14T05:27:14.336+0000] {subprocess.py:92} INFO - :: problems summary ::
[2025-05-14T05:27:14.336+0000] {subprocess.py:92} INFO - :::: WARNINGS
[2025-05-14T05:27:14.337+0000] {subprocess.py:92} INFO - 		[FAILED     ] org.postgresql#postgresql;42.6.0!postgresql.jar: Downloaded file size doesn't match expected Content Length for https://repo1.maven.org/maven2/org/postgresql/postgresql/42.6.0/postgresql-42.6.0.jar. Please retry. (1410ms)
[2025-05-14T05:27:14.337+0000] {subprocess.py:92} INFO - 
[2025-05-14T05:27:14.338+0000] {subprocess.py:92} INFO - 		[FAILED     ] org.postgresql#postgresql;42.6.0!postgresql.jar: Downloaded file size doesn't match expected Content Length for https://repo1.maven.org/maven2/org/postgresql/postgresql/42.6.0/postgresql-42.6.0.jar. Please retry. (1410ms)
[2025-05-14T05:27:14.338+0000] {subprocess.py:92} INFO - 
[2025-05-14T05:27:14.338+0000] {subprocess.py:92} INFO - 	==== central: tried
[2025-05-14T05:27:14.339+0000] {subprocess.py:92} INFO - 
[2025-05-14T05:27:14.339+0000] {subprocess.py:92} INFO - 	  https://repo1.maven.org/maven2/org/postgresql/postgresql/42.6.0/postgresql-42.6.0.jar
[2025-05-14T05:27:14.340+0000] {subprocess.py:92} INFO - 
[2025-05-14T05:27:14.340+0000] {subprocess.py:92} INFO - 		::::::::::::::::::::::::::::::::::::::::::::::
[2025-05-14T05:27:14.341+0000] {subprocess.py:92} INFO - 
[2025-05-14T05:27:14.341+0000] {subprocess.py:92} INFO - 		::              FAILED DOWNLOADS            ::
[2025-05-14T05:27:14.342+0000] {subprocess.py:92} INFO - 
[2025-05-14T05:27:14.343+0000] {subprocess.py:92} INFO - 		:: ^ see resolution messages for details  ^ ::
[2025-05-14T05:27:14.343+0000] {subprocess.py:92} INFO - 
[2025-05-14T05:27:14.344+0000] {subprocess.py:92} INFO - 		::::::::::::::::::::::::::::::::::::::::::::::
[2025-05-14T05:27:14.344+0000] {subprocess.py:92} INFO - 
[2025-05-14T05:27:14.345+0000] {subprocess.py:92} INFO - 		:: org.postgresql#postgresql;42.6.0!postgresql.jar
[2025-05-14T05:27:14.345+0000] {subprocess.py:92} INFO - 
[2025-05-14T05:27:14.346+0000] {subprocess.py:92} INFO - 		::::::::::::::::::::::::::::::::::::::::::::::
[2025-05-14T05:27:14.346+0000] {subprocess.py:92} INFO - 
[2025-05-14T05:27:14.347+0000] {subprocess.py:92} INFO - 
[2025-05-14T05:27:14.347+0000] {subprocess.py:92} INFO - 
[2025-05-14T05:27:14.348+0000] {subprocess.py:92} INFO - :: USE VERBOSE OR DEBUG MESSAGE LEVEL FOR MORE DETAILS
[2025-05-14T05:27:14.348+0000] {subprocess.py:92} INFO - Exception in thread "main" java.lang.RuntimeException: [download failed: org.postgresql#postgresql;42.6.0!postgresql.jar]
[2025-05-14T05:27:14.348+0000] {subprocess.py:92} INFO - 	at org.apache.spark.deploy.SparkSubmitUtils$.resolveMavenCoordinates(SparkSubmit.scala:1429)
[2025-05-14T05:27:14.349+0000] {subprocess.py:92} INFO - 	at org.apache.spark.deploy.DependencyUtils$.resolveMavenDependencies(DependencyUtils.scala:54)
[2025-05-14T05:27:14.349+0000] {subprocess.py:92} INFO - 	at org.apache.spark.deploy.SparkSubmit.prepareSubmitEnvironment(SparkSubmit.scala:308)
[2025-05-14T05:27:14.350+0000] {subprocess.py:92} INFO - 	at org.apache.spark.deploy.SparkSubmit.org$apache$spark$deploy$SparkSubmit$$runMain(SparkSubmit.scala:894)
[2025-05-14T05:27:14.351+0000] {subprocess.py:92} INFO - 	at org.apache.spark.deploy.SparkSubmit.doRunMain$1(SparkSubmit.scala:180)
[2025-05-14T05:27:14.351+0000] {subprocess.py:92} INFO - 	at org.apache.spark.deploy.SparkSubmit.submit(SparkSubmit.scala:203)
[2025-05-14T05:27:14.352+0000] {subprocess.py:92} INFO - 	at org.apache.spark.deploy.SparkSubmit.doSubmit(SparkSubmit.scala:90)
[2025-05-14T05:27:14.352+0000] {subprocess.py:92} INFO - 	at org.apache.spark.deploy.SparkSubmit$$anon$2.doSubmit(SparkSubmit.scala:1039)
[2025-05-14T05:27:14.352+0000] {subprocess.py:92} INFO - 	at org.apache.spark.deploy.SparkSubmit$.main(SparkSubmit.scala:1048)
[2025-05-14T05:27:14.353+0000] {subprocess.py:92} INFO - 	at org.apache.spark.deploy.SparkSubmit.main(SparkSubmit.scala)
[2025-05-14T05:27:14.427+0000] {subprocess.py:92} INFO - Traceback (most recent call last):
[2025-05-14T05:27:14.428+0000] {subprocess.py:92} INFO -   File "/opt/***/scripts/Transform_Data.py", line 10, in <module>
[2025-05-14T05:27:14.428+0000] {subprocess.py:92} INFO -     .config("spark.jars.packages", "org.postgresql:postgresql:42.6.0") \
[2025-05-14T05:27:14.429+0000] {subprocess.py:92} INFO -   File "/home/***/.local/lib/python3.7/site-packages/pyspark/sql/session.py", line 228, in getOrCreate
[2025-05-14T05:27:14.429+0000] {subprocess.py:92} INFO -     sc = SparkContext.getOrCreate(sparkConf)
[2025-05-14T05:27:14.430+0000] {subprocess.py:92} INFO -   File "/home/***/.local/lib/python3.7/site-packages/pyspark/context.py", line 384, in getOrCreate
[2025-05-14T05:27:14.431+0000] {subprocess.py:92} INFO -     SparkContext(conf=conf or SparkConf())
[2025-05-14T05:27:14.431+0000] {subprocess.py:92} INFO -   File "/home/***/.local/lib/python3.7/site-packages/pyspark/context.py", line 144, in __init__
[2025-05-14T05:27:14.431+0000] {subprocess.py:92} INFO -     SparkContext._ensure_initialized(self, gateway=gateway, conf=conf)
[2025-05-14T05:27:14.432+0000] {subprocess.py:92} INFO -   File "/home/***/.local/lib/python3.7/site-packages/pyspark/context.py", line 331, in _ensure_initialized
[2025-05-14T05:27:14.433+0000] {subprocess.py:92} INFO -     SparkContext._gateway = gateway or launch_gateway(conf)
[2025-05-14T05:27:14.433+0000] {subprocess.py:92} INFO -   File "/home/***/.local/lib/python3.7/site-packages/pyspark/java_gateway.py", line 108, in launch_gateway
[2025-05-14T05:27:14.434+0000] {subprocess.py:92} INFO -     raise Exception("Java gateway process exited before sending its port number")
[2025-05-14T05:27:14.434+0000] {subprocess.py:92} INFO - Exception: Java gateway process exited before sending its port number
[2025-05-14T05:27:14.459+0000] {subprocess.py:96} INFO - Command exited with return code 1
[2025-05-14T05:27:14.477+0000] {taskinstance.py:1902} ERROR - Task failed with exception
Traceback (most recent call last):
  File "/home/airflow/.local/lib/python3.7/site-packages/airflow/operators/bash.py", line 197, in execute
    f'Bash command failed. The command returned a non-zero exit code {result.exit_code}.'
airflow.exceptions.AirflowException: Bash command failed. The command returned a non-zero exit code 1.
[2025-05-14T05:27:14.483+0000] {taskinstance.py:1412} INFO - Marking task as UP_FOR_RETRY. dag_id=Sales_Performance_ETL, task_id=Transform_Data, execution_date=20250514T052701, start_date=20250514T052707, end_date=20250514T052714
[2025-05-14T05:27:14.500+0000] {standard_task_runner.py:97} ERROR - Failed to execute job 5 for task Transform_Data (Bash command failed. The command returned a non-zero exit code 1.; 359)
[2025-05-14T05:27:14.519+0000] {local_task_job.py:156} INFO - Task exited with return code 1
[2025-05-14T05:27:14.560+0000] {local_task_job.py:279} INFO - 0 downstream tasks scheduled from follow-on schedule check
