[2025-05-22T15:17:27.086+0000] {taskinstance.py:1159} INFO - Dependencies all met for dep_context=non-requeueable deps ti=<TaskInstance: Scheduler_Traffict_Accident.Extract_Data scheduled__2025-05-22T15:00:00+00:00 [queued]>
[2025-05-22T15:17:27.103+0000] {taskinstance.py:1159} INFO - Dependencies all met for dep_context=requeueable deps ti=<TaskInstance: Scheduler_Traffict_Accident.Extract_Data scheduled__2025-05-22T15:00:00+00:00 [queued]>
[2025-05-22T15:17:27.104+0000] {taskinstance.py:1361} INFO - Starting attempt 1 of 2
[2025-05-22T15:17:27.121+0000] {taskinstance.py:1382} INFO - Executing <Task(BashOperator): Extract_Data> on 2025-05-22 15:00:00+00:00
[2025-05-22T15:17:27.128+0000] {standard_task_runner.py:57} INFO - Started process 234 to run task
[2025-05-22T15:17:27.150+0000] {standard_task_runner.py:84} INFO - Running: ['***', 'tasks', 'run', 'Scheduler_Traffict_Accident', 'Extract_Data', 'scheduled__2025-05-22T15:00:00+00:00', '--job-id', '2', '--raw', '--subdir', 'DAGS_FOLDER/Scheduler_Traffict_Accident.py', '--cfg-path', '/tmp/tmpgdfnya55']
[2025-05-22T15:17:27.165+0000] {standard_task_runner.py:85} INFO - Job 2: Subtask Extract_Data
[2025-05-22T15:17:27.292+0000] {task_command.py:416} INFO - Running <TaskInstance: Scheduler_Traffict_Accident.Extract_Data scheduled__2025-05-22T15:00:00+00:00 [running]> on host 68da71f009b0
[2025-05-22T15:17:27.416+0000] {taskinstance.py:1662} INFO - Exporting env vars: AIRFLOW_CTX_DAG_OWNER='Hisham' AIRFLOW_CTX_DAG_ID='Scheduler_Traffict_Accident' AIRFLOW_CTX_TASK_ID='Extract_Data' AIRFLOW_CTX_EXECUTION_DATE='2025-05-22T15:00:00+00:00' AIRFLOW_CTX_TRY_NUMBER='1' AIRFLOW_CTX_DAG_RUN_ID='scheduled__2025-05-22T15:00:00+00:00'
[2025-05-22T15:17:27.419+0000] {subprocess.py:63} INFO - Tmp dir root location: /tmp
[2025-05-22T15:17:27.420+0000] {subprocess.py:75} INFO - Running command: ['/bin/bash', '-c', 'sudo -u *** python /opt/***/scripts/Extract_Data.py']
[2025-05-22T15:17:27.437+0000] {subprocess.py:86} INFO - Output:
[2025-05-22T15:17:30.665+0000] {subprocess.py:93} INFO - WARNING: An illegal reflective access operation has occurred
[2025-05-22T15:17:30.666+0000] {subprocess.py:93} INFO - WARNING: Illegal reflective access by org.apache.spark.unsafe.Platform (file:/home/***/.local/lib/python3.11/site-packages/pyspark/jars/spark-unsafe_2.12-3.1.2.jar) to constructor java.nio.DirectByteBuffer(long,int)
[2025-05-22T15:17:30.666+0000] {subprocess.py:93} INFO - WARNING: Please consider reporting this to the maintainers of org.apache.spark.unsafe.Platform
[2025-05-22T15:17:30.667+0000] {subprocess.py:93} INFO - WARNING: Use --illegal-access=warn to enable warnings of further illegal reflective access operations
[2025-05-22T15:17:30.668+0000] {subprocess.py:93} INFO - WARNING: All illegal access operations will be denied in a future release
[2025-05-22T15:17:30.872+0000] {subprocess.py:93} INFO - :: loading settings :: url = jar:file:/home/***/.local/lib/python3.11/site-packages/pyspark/jars/ivy-2.4.0.jar!/org/apache/ivy/core/settings/ivysettings.xml
[2025-05-22T15:17:30.989+0000] {subprocess.py:93} INFO - Ivy Default Cache set to: /home/***/.ivy2/cache
[2025-05-22T15:17:30.989+0000] {subprocess.py:93} INFO - The jars for the packages stored in: /home/***/.ivy2/jars
[2025-05-22T15:17:30.998+0000] {subprocess.py:93} INFO - org.postgresql#postgresql added as a dependency
[2025-05-22T15:17:30.999+0000] {subprocess.py:93} INFO - :: resolving dependencies :: org.apache.spark#spark-submit-parent-ee59544a-dc6b-422e-a3f0-7b7645508b16;1.0
[2025-05-22T15:17:31.000+0000] {subprocess.py:93} INFO - 	confs: [default]
[2025-05-22T15:17:33.456+0000] {subprocess.py:93} INFO - 	found org.postgresql#postgresql;42.6.0 in central
[2025-05-22T15:17:34.622+0000] {subprocess.py:93} INFO - 	found org.checkerframework#checker-qual;3.31.0 in central
[2025-05-22T15:17:34.635+0000] {subprocess.py:93} INFO - downloading https://repo1.maven.org/maven2/org/postgresql/postgresql/42.6.0/postgresql-42.6.0.jar ...
[2025-05-22T15:17:36.897+0000] {subprocess.py:93} INFO - :: resolution report :: resolve 3634ms :: artifacts dl 2263ms
[2025-05-22T15:17:36.898+0000] {subprocess.py:93} INFO - 	:: modules in use:
[2025-05-22T15:17:36.898+0000] {subprocess.py:93} INFO - 	org.checkerframework#checker-qual;3.31.0 from central in [default]
[2025-05-22T15:17:36.899+0000] {subprocess.py:93} INFO - 	org.postgresql#postgresql;42.6.0 from central in [default]
[2025-05-22T15:17:36.900+0000] {subprocess.py:93} INFO - 	---------------------------------------------------------------------
[2025-05-22T15:17:36.900+0000] {subprocess.py:93} INFO - 	|                  |            modules            ||   artifacts   |
[2025-05-22T15:17:36.901+0000] {subprocess.py:93} INFO - 	|       conf       | number| search|dwnlded|evicted|| number|dwnlded|
[2025-05-22T15:17:36.901+0000] {subprocess.py:93} INFO - 	---------------------------------------------------------------------
[2025-05-22T15:17:36.902+0000] {subprocess.py:93} INFO - 	|      default     |   2   |   2   |   2   |   0   ||   2   |   0   |
[2025-05-22T15:17:36.903+0000] {subprocess.py:93} INFO - 	---------------------------------------------------------------------
[2025-05-22T15:17:36.903+0000] {subprocess.py:93} INFO - 
[2025-05-22T15:17:36.904+0000] {subprocess.py:93} INFO - :: problems summary ::
[2025-05-22T15:17:36.904+0000] {subprocess.py:93} INFO - :::: WARNINGS
[2025-05-22T15:17:36.905+0000] {subprocess.py:93} INFO - 		[FAILED     ] org.postgresql#postgresql;42.6.0!postgresql.jar: Downloaded file size doesn't match expected Content Length for https://repo1.maven.org/maven2/org/postgresql/postgresql/42.6.0/postgresql-42.6.0.jar. Please retry. (2259ms)
[2025-05-22T15:17:36.905+0000] {subprocess.py:93} INFO - 
[2025-05-22T15:17:36.906+0000] {subprocess.py:93} INFO - 		[FAILED     ] org.postgresql#postgresql;42.6.0!postgresql.jar: Downloaded file size doesn't match expected Content Length for https://repo1.maven.org/maven2/org/postgresql/postgresql/42.6.0/postgresql-42.6.0.jar. Please retry. (2259ms)
[2025-05-22T15:17:36.906+0000] {subprocess.py:93} INFO - 
[2025-05-22T15:17:36.906+0000] {subprocess.py:93} INFO - 	==== central: tried
[2025-05-22T15:17:36.907+0000] {subprocess.py:93} INFO - 
[2025-05-22T15:17:36.907+0000] {subprocess.py:93} INFO - 	  https://repo1.maven.org/maven2/org/postgresql/postgresql/42.6.0/postgresql-42.6.0.jar
[2025-05-22T15:17:36.908+0000] {subprocess.py:93} INFO - 
[2025-05-22T15:17:36.909+0000] {subprocess.py:93} INFO - 		::::::::::::::::::::::::::::::::::::::::::::::
[2025-05-22T15:17:36.909+0000] {subprocess.py:93} INFO - 
[2025-05-22T15:17:36.910+0000] {subprocess.py:93} INFO - 		::              FAILED DOWNLOADS            ::
[2025-05-22T15:17:36.911+0000] {subprocess.py:93} INFO - 
[2025-05-22T15:17:36.911+0000] {subprocess.py:93} INFO - 		:: ^ see resolution messages for details  ^ ::
[2025-05-22T15:17:36.912+0000] {subprocess.py:93} INFO - 
[2025-05-22T15:17:36.912+0000] {subprocess.py:93} INFO - 		::::::::::::::::::::::::::::::::::::::::::::::
[2025-05-22T15:17:36.913+0000] {subprocess.py:93} INFO - 
[2025-05-22T15:17:36.914+0000] {subprocess.py:93} INFO - 		:: org.postgresql#postgresql;42.6.0!postgresql.jar
[2025-05-22T15:17:36.914+0000] {subprocess.py:93} INFO - 
[2025-05-22T15:17:36.915+0000] {subprocess.py:93} INFO - 		::::::::::::::::::::::::::::::::::::::::::::::
[2025-05-22T15:17:36.916+0000] {subprocess.py:93} INFO - 
[2025-05-22T15:17:36.916+0000] {subprocess.py:93} INFO - 
[2025-05-22T15:17:36.917+0000] {subprocess.py:93} INFO - 
[2025-05-22T15:17:36.917+0000] {subprocess.py:93} INFO - :: USE VERBOSE OR DEBUG MESSAGE LEVEL FOR MORE DETAILS
[2025-05-22T15:17:36.918+0000] {subprocess.py:93} INFO - Exception in thread "main" java.lang.RuntimeException: [download failed: org.postgresql#postgresql;42.6.0!postgresql.jar]
[2025-05-22T15:17:36.918+0000] {subprocess.py:93} INFO - 	at org.apache.spark.deploy.SparkSubmitUtils$.resolveMavenCoordinates(SparkSubmit.scala:1429)
[2025-05-22T15:17:36.918+0000] {subprocess.py:93} INFO - 	at org.apache.spark.deploy.DependencyUtils$.resolveMavenDependencies(DependencyUtils.scala:54)
[2025-05-22T15:17:36.919+0000] {subprocess.py:93} INFO - 	at org.apache.spark.deploy.SparkSubmit.prepareSubmitEnvironment(SparkSubmit.scala:308)
[2025-05-22T15:17:36.920+0000] {subprocess.py:93} INFO - 	at org.apache.spark.deploy.SparkSubmit.org$apache$spark$deploy$SparkSubmit$$runMain(SparkSubmit.scala:894)
[2025-05-22T15:17:36.920+0000] {subprocess.py:93} INFO - 	at org.apache.spark.deploy.SparkSubmit.doRunMain$1(SparkSubmit.scala:180)
[2025-05-22T15:17:36.921+0000] {subprocess.py:93} INFO - 	at org.apache.spark.deploy.SparkSubmit.submit(SparkSubmit.scala:203)
[2025-05-22T15:17:36.921+0000] {subprocess.py:93} INFO - 	at org.apache.spark.deploy.SparkSubmit.doSubmit(SparkSubmit.scala:90)
[2025-05-22T15:17:36.922+0000] {subprocess.py:93} INFO - 	at org.apache.spark.deploy.SparkSubmit$$anon$2.doSubmit(SparkSubmit.scala:1039)
[2025-05-22T15:17:36.922+0000] {subprocess.py:93} INFO - 	at org.apache.spark.deploy.SparkSubmit$.main(SparkSubmit.scala:1048)
[2025-05-22T15:17:36.922+0000] {subprocess.py:93} INFO - 	at org.apache.spark.deploy.SparkSubmit.main(SparkSubmit.scala)
[2025-05-22T15:17:36.952+0000] {subprocess.py:93} INFO - Traceback (most recent call last):
[2025-05-22T15:17:36.953+0000] {subprocess.py:93} INFO -   File "/opt/***/scripts/Extract_Data.py", line 10, in <module>
[2025-05-22T15:17:36.958+0000] {subprocess.py:93} INFO -     .getOrCreate()
[2025-05-22T15:17:36.959+0000] {subprocess.py:93} INFO -      ^^^^^^^^^^^^^
[2025-05-22T15:17:36.960+0000] {subprocess.py:93} INFO -   File "/home/***/.local/lib/python3.11/site-packages/pyspark/sql/session.py", line 228, in getOrCreate
[2025-05-22T15:17:36.961+0000] {subprocess.py:93} INFO -     sc = SparkContext.getOrCreate(sparkConf)
[2025-05-22T15:17:36.961+0000] {subprocess.py:93} INFO -          ^^^^^^^^^^^^^^^^^^^^^^^^^^^^^^^^^^^
[2025-05-22T15:17:36.962+0000] {subprocess.py:93} INFO -   File "/home/***/.local/lib/python3.11/site-packages/pyspark/context.py", line 384, in getOrCreate
[2025-05-22T15:17:36.963+0000] {subprocess.py:93} INFO -     SparkContext(conf=conf or SparkConf())
[2025-05-22T15:17:36.964+0000] {subprocess.py:93} INFO -   File "/home/***/.local/lib/python3.11/site-packages/pyspark/context.py", line 144, in __init__
[2025-05-22T15:17:36.965+0000] {subprocess.py:93} INFO -     SparkContext._ensure_initialized(self, gateway=gateway, conf=conf)
[2025-05-22T15:17:36.965+0000] {subprocess.py:93} INFO -   File "/home/***/.local/lib/python3.11/site-packages/pyspark/context.py", line 331, in _ensure_initialized
[2025-05-22T15:17:36.966+0000] {subprocess.py:93} INFO -     SparkContext._gateway = gateway or launch_gateway(conf)
[2025-05-22T15:17:36.967+0000] {subprocess.py:93} INFO -                                        ^^^^^^^^^^^^^^^^^^^^
[2025-05-22T15:17:36.968+0000] {subprocess.py:93} INFO -   File "/home/***/.local/lib/python3.11/site-packages/pyspark/java_gateway.py", line 108, in launch_gateway
[2025-05-22T15:17:36.969+0000] {subprocess.py:93} INFO -     raise Exception("Java gateway process exited before sending its port number")
[2025-05-22T15:17:36.969+0000] {subprocess.py:93} INFO - Exception: Java gateway process exited before sending its port number
[2025-05-22T15:17:37.176+0000] {subprocess.py:97} INFO - Command exited with return code 1
[2025-05-22T15:17:37.193+0000] {taskinstance.py:1937} ERROR - Task failed with exception
Traceback (most recent call last):
  File "/home/airflow/.local/lib/python3.11/site-packages/airflow/operators/bash.py", line 210, in execute
    raise AirflowException(
airflow.exceptions.AirflowException: Bash command failed. The command returned a non-zero exit code 1.
[2025-05-22T15:17:37.200+0000] {taskinstance.py:1400} INFO - Marking task as UP_FOR_RETRY. dag_id=Scheduler_Traffict_Accident, task_id=Extract_Data, execution_date=20250522T150000, start_date=20250522T151727, end_date=20250522T151737
[2025-05-22T15:17:37.227+0000] {standard_task_runner.py:104} ERROR - Failed to execute job 2 for task Extract_Data (Bash command failed. The command returned a non-zero exit code 1.; 234)
[2025-05-22T15:17:37.255+0000] {local_task_job_runner.py:228} INFO - Task exited with return code 1
[2025-05-22T15:17:37.294+0000] {taskinstance.py:2778} INFO - 0 downstream tasks scheduled from follow-on schedule check
