[2025-05-20T14:47:53.887+0000] {taskinstance.py:1171} INFO - Dependencies all met for <TaskInstance: Scheduler_Traffict_Accident.Extract_Data manual__2025-05-20T14:47:52.910138+00:00 [queued]>
[2025-05-20T14:47:53.899+0000] {taskinstance.py:1171} INFO - Dependencies all met for <TaskInstance: Scheduler_Traffict_Accident.Extract_Data manual__2025-05-20T14:47:52.910138+00:00 [queued]>
[2025-05-20T14:47:53.900+0000] {taskinstance.py:1368} INFO - 
--------------------------------------------------------------------------------
[2025-05-20T14:47:53.902+0000] {taskinstance.py:1369} INFO - Starting attempt 1 of 2
[2025-05-20T14:47:53.902+0000] {taskinstance.py:1370} INFO - 
--------------------------------------------------------------------------------
[2025-05-20T14:47:53.917+0000] {taskinstance.py:1389} INFO - Executing <Task(BashOperator): Extract_Data> on 2025-05-20 14:47:52.910138+00:00
[2025-05-20T14:47:53.922+0000] {standard_task_runner.py:52} INFO - Started process 224 to run task
[2025-05-20T14:47:53.926+0000] {standard_task_runner.py:79} INFO - Running: ['***', 'tasks', 'run', 'Scheduler_Traffict_Accident', 'Extract_Data', 'manual__2025-05-20T14:47:52.910138+00:00', '--job-id', '3', '--raw', '--subdir', 'DAGS_FOLDER/Scheduler_Traffict_Accident.py', '--cfg-path', '/tmp/tmp6bp3smwm', '--error-file', '/tmp/tmpdd6wi2a1']
[2025-05-20T14:47:53.929+0000] {standard_task_runner.py:80} INFO - Job 3: Subtask Extract_Data
[2025-05-20T14:47:54.005+0000] {task_command.py:371} INFO - Running <TaskInstance: Scheduler_Traffict_Accident.Extract_Data manual__2025-05-20T14:47:52.910138+00:00 [running]> on host 240265f9b255
[2025-05-20T14:47:54.087+0000] {taskinstance.py:1583} INFO - Exporting the following env vars:
AIRFLOW_CTX_DAG_OWNER=Hisham
AIRFLOW_CTX_DAG_ID=Scheduler_Traffict_Accident
AIRFLOW_CTX_TASK_ID=Extract_Data
AIRFLOW_CTX_EXECUTION_DATE=2025-05-20T14:47:52.910138+00:00
AIRFLOW_CTX_TRY_NUMBER=1
AIRFLOW_CTX_DAG_RUN_ID=manual__2025-05-20T14:47:52.910138+00:00
[2025-05-20T14:47:54.088+0000] {subprocess.py:62} INFO - Tmp dir root location: 
 /tmp
[2025-05-20T14:47:54.090+0000] {subprocess.py:74} INFO - Running command: ['/bin/bash', '-c', 'sudo -u *** python /opt/***/scripts/Extract_Data.py']
[2025-05-20T14:47:54.097+0000] {subprocess.py:85} INFO - Output:
[2025-05-20T14:47:56.422+0000] {subprocess.py:92} INFO - WARNING: An illegal reflective access operation has occurred
[2025-05-20T14:47:56.423+0000] {subprocess.py:92} INFO - WARNING: Illegal reflective access by org.apache.spark.unsafe.Platform (file:/home/***/.local/lib/python3.7/site-packages/pyspark/jars/spark-unsafe_2.12-3.1.2.jar) to constructor java.nio.DirectByteBuffer(long,int)
[2025-05-20T14:47:56.424+0000] {subprocess.py:92} INFO - WARNING: Please consider reporting this to the maintainers of org.apache.spark.unsafe.Platform
[2025-05-20T14:47:56.424+0000] {subprocess.py:92} INFO - WARNING: Use --illegal-access=warn to enable warnings of further illegal reflective access operations
[2025-05-20T14:47:56.425+0000] {subprocess.py:92} INFO - WARNING: All illegal access operations will be denied in a future release
[2025-05-20T14:47:56.609+0000] {subprocess.py:92} INFO - :: loading settings :: url = jar:file:/home/***/.local/lib/python3.7/site-packages/pyspark/jars/ivy-2.4.0.jar!/org/apache/ivy/core/settings/ivysettings.xml
[2025-05-20T14:47:56.711+0000] {subprocess.py:92} INFO - Ivy Default Cache set to: /home/***/.ivy2/cache
[2025-05-20T14:47:56.712+0000] {subprocess.py:92} INFO - The jars for the packages stored in: /home/***/.ivy2/jars
[2025-05-20T14:47:56.715+0000] {subprocess.py:92} INFO - org.postgresql#postgresql added as a dependency
[2025-05-20T14:47:56.716+0000] {subprocess.py:92} INFO - :: resolving dependencies :: org.apache.spark#spark-submit-parent-8916b747-e5e5-4b85-8565-c1c9a7da73b1;1.0
[2025-05-20T14:47:56.717+0000] {subprocess.py:92} INFO - 	confs: [default]
[2025-05-20T14:47:59.013+0000] {subprocess.py:92} INFO - 	found org.postgresql#postgresql;42.6.0 in central
[2025-05-20T14:48:00.918+0000] {subprocess.py:92} INFO - downloading https://repo1.maven.org/maven2/org/postgresql/postgresql/42.6.0/postgresql-42.6.0.jar ...
[2025-05-20T14:48:04.232+0000] {subprocess.py:92} INFO - :: resolution report :: resolve 4200ms :: artifacts dl 3316ms
[2025-05-20T14:48:04.233+0000] {subprocess.py:92} INFO - 	:: modules in use:
[2025-05-20T14:48:04.233+0000] {subprocess.py:92} INFO - 	org.postgresql#postgresql;42.6.0 from central in [default]
[2025-05-20T14:48:04.235+0000] {subprocess.py:92} INFO - 	---------------------------------------------------------------------
[2025-05-20T14:48:04.235+0000] {subprocess.py:92} INFO - 	|                  |            modules            ||   artifacts   |
[2025-05-20T14:48:04.236+0000] {subprocess.py:92} INFO - 	|       conf       | number| search|dwnlded|evicted|| number|dwnlded|
[2025-05-20T14:48:04.237+0000] {subprocess.py:92} INFO - 	---------------------------------------------------------------------
[2025-05-20T14:48:04.238+0000] {subprocess.py:92} INFO - 	|      default     |   2   |   1   |   1   |   0   ||   1   |   0   |
[2025-05-20T14:48:04.238+0000] {subprocess.py:92} INFO - 	---------------------------------------------------------------------
[2025-05-20T14:48:04.240+0000] {subprocess.py:92} INFO - 
[2025-05-20T14:48:04.242+0000] {subprocess.py:92} INFO - :: problems summary ::
[2025-05-20T14:48:04.242+0000] {subprocess.py:92} INFO - :::: WARNINGS
[2025-05-20T14:48:04.243+0000] {subprocess.py:92} INFO - 	problem while downloading module descriptor: https://repo1.maven.org/maven2/org/checkerframework/checker-qual/3.31.0/checker-qual-3.31.0.pom: Downloaded file size doesn't match expected Content Length for https://repo1.maven.org/maven2/org/checkerframework/checker-qual/3.31.0/checker-qual-3.31.0.pom. Please retry. (215ms)
[2025-05-20T14:48:04.243+0000] {subprocess.py:92} INFO - 
[2025-05-20T14:48:04.244+0000] {subprocess.py:92} INFO - 		module not found: org.checkerframework#checker-qual;3.31.0
[2025-05-20T14:48:04.245+0000] {subprocess.py:92} INFO - 
[2025-05-20T14:48:04.245+0000] {subprocess.py:92} INFO - 	==== local-m2-cache: tried
[2025-05-20T14:48:04.246+0000] {subprocess.py:92} INFO - 
[2025-05-20T14:48:04.247+0000] {subprocess.py:92} INFO - 	  file:/home/***/.m2/repository/org/checkerframework/checker-qual/3.31.0/checker-qual-3.31.0.pom
[2025-05-20T14:48:04.247+0000] {subprocess.py:92} INFO - 
[2025-05-20T14:48:04.248+0000] {subprocess.py:92} INFO - 	  -- artifact org.checkerframework#checker-qual;3.31.0!checker-qual.jar:
[2025-05-20T14:48:04.249+0000] {subprocess.py:92} INFO - 
[2025-05-20T14:48:04.249+0000] {subprocess.py:92} INFO - 	  file:/home/***/.m2/repository/org/checkerframework/checker-qual/3.31.0/checker-qual-3.31.0.jar
[2025-05-20T14:48:04.249+0000] {subprocess.py:92} INFO - 
[2025-05-20T14:48:04.250+0000] {subprocess.py:92} INFO - 	==== local-ivy-cache: tried
[2025-05-20T14:48:04.250+0000] {subprocess.py:92} INFO - 
[2025-05-20T14:48:04.251+0000] {subprocess.py:92} INFO - 	  /home/***/.ivy2/local/org.checkerframework/checker-qual/3.31.0/ivys/ivy.xml
[2025-05-20T14:48:04.253+0000] {subprocess.py:92} INFO - 
[2025-05-20T14:48:04.253+0000] {subprocess.py:92} INFO - 	  -- artifact org.checkerframework#checker-qual;3.31.0!checker-qual.jar:
[2025-05-20T14:48:04.254+0000] {subprocess.py:92} INFO - 
[2025-05-20T14:48:04.254+0000] {subprocess.py:92} INFO - 	  /home/***/.ivy2/local/org.checkerframework/checker-qual/3.31.0/jars/checker-qual.jar
[2025-05-20T14:48:04.255+0000] {subprocess.py:92} INFO - 
[2025-05-20T14:48:04.255+0000] {subprocess.py:92} INFO - 	==== central: tried
[2025-05-20T14:48:04.256+0000] {subprocess.py:92} INFO - 
[2025-05-20T14:48:04.256+0000] {subprocess.py:92} INFO - 	  https://repo1.maven.org/maven2/org/checkerframework/checker-qual/3.31.0/checker-qual-3.31.0.pom
[2025-05-20T14:48:04.257+0000] {subprocess.py:92} INFO - 
[2025-05-20T14:48:04.257+0000] {subprocess.py:92} INFO - 	==== spark-packages: tried
[2025-05-20T14:48:04.257+0000] {subprocess.py:92} INFO - 
[2025-05-20T14:48:04.258+0000] {subprocess.py:92} INFO - 	  https://repos.spark-packages.org/org/checkerframework/checker-qual/3.31.0/checker-qual-3.31.0.pom
[2025-05-20T14:48:04.258+0000] {subprocess.py:92} INFO - 
[2025-05-20T14:48:04.258+0000] {subprocess.py:92} INFO - 	  -- artifact org.checkerframework#checker-qual;3.31.0!checker-qual.jar:
[2025-05-20T14:48:04.259+0000] {subprocess.py:92} INFO - 
[2025-05-20T14:48:04.259+0000] {subprocess.py:92} INFO - 	  https://repos.spark-packages.org/org/checkerframework/checker-qual/3.31.0/checker-qual-3.31.0.jar
[2025-05-20T14:48:04.259+0000] {subprocess.py:92} INFO - 
[2025-05-20T14:48:04.260+0000] {subprocess.py:92} INFO - 		[FAILED     ] org.postgresql#postgresql;42.6.0!postgresql.jar: Downloaded file size doesn't match expected Content Length for https://repo1.maven.org/maven2/org/postgresql/postgresql/42.6.0/postgresql-42.6.0.jar. Please retry. (3313ms)
[2025-05-20T14:48:04.260+0000] {subprocess.py:92} INFO - 
[2025-05-20T14:48:04.260+0000] {subprocess.py:92} INFO - 		[FAILED     ] org.postgresql#postgresql;42.6.0!postgresql.jar: Downloaded file size doesn't match expected Content Length for https://repo1.maven.org/maven2/org/postgresql/postgresql/42.6.0/postgresql-42.6.0.jar. Please retry. (3313ms)
[2025-05-20T14:48:04.261+0000] {subprocess.py:92} INFO - 
[2025-05-20T14:48:04.261+0000] {subprocess.py:92} INFO - 	==== central: tried
[2025-05-20T14:48:04.261+0000] {subprocess.py:92} INFO - 
[2025-05-20T14:48:04.261+0000] {subprocess.py:92} INFO - 	  https://repo1.maven.org/maven2/org/postgresql/postgresql/42.6.0/postgresql-42.6.0.jar
[2025-05-20T14:48:04.262+0000] {subprocess.py:92} INFO - 
[2025-05-20T14:48:04.262+0000] {subprocess.py:92} INFO - 		::::::::::::::::::::::::::::::::::::::::::::::
[2025-05-20T14:48:04.262+0000] {subprocess.py:92} INFO - 
[2025-05-20T14:48:04.263+0000] {subprocess.py:92} INFO - 		::          UNRESOLVED DEPENDENCIES         ::
[2025-05-20T14:48:04.263+0000] {subprocess.py:92} INFO - 
[2025-05-20T14:48:04.263+0000] {subprocess.py:92} INFO - 		::::::::::::::::::::::::::::::::::::::::::::::
[2025-05-20T14:48:04.263+0000] {subprocess.py:92} INFO - 
[2025-05-20T14:48:04.264+0000] {subprocess.py:92} INFO - 		:: org.checkerframework#checker-qual;3.31.0: not found
[2025-05-20T14:48:04.264+0000] {subprocess.py:92} INFO - 
[2025-05-20T14:48:04.264+0000] {subprocess.py:92} INFO - 		::::::::::::::::::::::::::::::::::::::::::::::
[2025-05-20T14:48:04.265+0000] {subprocess.py:92} INFO - 
[2025-05-20T14:48:04.265+0000] {subprocess.py:92} INFO - 
[2025-05-20T14:48:04.265+0000] {subprocess.py:92} INFO - 		::::::::::::::::::::::::::::::::::::::::::::::
[2025-05-20T14:48:04.266+0000] {subprocess.py:92} INFO - 
[2025-05-20T14:48:04.267+0000] {subprocess.py:92} INFO - 		::              FAILED DOWNLOADS            ::
[2025-05-20T14:48:04.268+0000] {subprocess.py:92} INFO - 
[2025-05-20T14:48:04.268+0000] {subprocess.py:92} INFO - 		:: ^ see resolution messages for details  ^ ::
[2025-05-20T14:48:04.268+0000] {subprocess.py:92} INFO - 
[2025-05-20T14:48:04.269+0000] {subprocess.py:92} INFO - 		::::::::::::::::::::::::::::::::::::::::::::::
[2025-05-20T14:48:04.269+0000] {subprocess.py:92} INFO - 
[2025-05-20T14:48:04.270+0000] {subprocess.py:92} INFO - 		:: org.postgresql#postgresql;42.6.0!postgresql.jar
[2025-05-20T14:48:04.270+0000] {subprocess.py:92} INFO - 
[2025-05-20T14:48:04.270+0000] {subprocess.py:92} INFO - 		::::::::::::::::::::::::::::::::::::::::::::::
[2025-05-20T14:48:04.271+0000] {subprocess.py:92} INFO - 
[2025-05-20T14:48:04.271+0000] {subprocess.py:92} INFO - 
[2025-05-20T14:48:04.271+0000] {subprocess.py:92} INFO - 
[2025-05-20T14:48:04.272+0000] {subprocess.py:92} INFO - :: USE VERBOSE OR DEBUG MESSAGE LEVEL FOR MORE DETAILS
[2025-05-20T14:48:04.272+0000] {subprocess.py:92} INFO - Exception in thread "main" java.lang.RuntimeException: [unresolved dependency: org.checkerframework#checker-qual;3.31.0: not found, download failed: org.postgresql#postgresql;42.6.0!postgresql.jar]
[2025-05-20T14:48:04.273+0000] {subprocess.py:92} INFO - 	at org.apache.spark.deploy.SparkSubmitUtils$.resolveMavenCoordinates(SparkSubmit.scala:1429)
[2025-05-20T14:48:04.273+0000] {subprocess.py:92} INFO - 	at org.apache.spark.deploy.DependencyUtils$.resolveMavenDependencies(DependencyUtils.scala:54)
[2025-05-20T14:48:04.274+0000] {subprocess.py:92} INFO - 	at org.apache.spark.deploy.SparkSubmit.prepareSubmitEnvironment(SparkSubmit.scala:308)
[2025-05-20T14:48:04.274+0000] {subprocess.py:92} INFO - 	at org.apache.spark.deploy.SparkSubmit.org$apache$spark$deploy$SparkSubmit$$runMain(SparkSubmit.scala:894)
[2025-05-20T14:48:04.274+0000] {subprocess.py:92} INFO - 	at org.apache.spark.deploy.SparkSubmit.doRunMain$1(SparkSubmit.scala:180)
[2025-05-20T14:48:04.275+0000] {subprocess.py:92} INFO - 	at org.apache.spark.deploy.SparkSubmit.submit(SparkSubmit.scala:203)
[2025-05-20T14:48:04.275+0000] {subprocess.py:92} INFO - 	at org.apache.spark.deploy.SparkSubmit.doSubmit(SparkSubmit.scala:90)
[2025-05-20T14:48:04.276+0000] {subprocess.py:92} INFO - 	at org.apache.spark.deploy.SparkSubmit$$anon$2.doSubmit(SparkSubmit.scala:1039)
[2025-05-20T14:48:04.276+0000] {subprocess.py:92} INFO - 	at org.apache.spark.deploy.SparkSubmit$.main(SparkSubmit.scala:1048)
[2025-05-20T14:48:04.276+0000] {subprocess.py:92} INFO - 	at org.apache.spark.deploy.SparkSubmit.main(SparkSubmit.scala)
[2025-05-20T14:48:04.309+0000] {subprocess.py:92} INFO - Traceback (most recent call last):
[2025-05-20T14:48:04.310+0000] {subprocess.py:92} INFO -   File "/opt/***/scripts/Extract_Data.py", line 9, in <module>
[2025-05-20T14:48:04.311+0000] {subprocess.py:92} INFO -     .config("spark.jars.packages", "org.postgresql:postgresql:42.6.0") \
[2025-05-20T14:48:04.311+0000] {subprocess.py:92} INFO -   File "/home/***/.local/lib/python3.7/site-packages/pyspark/sql/session.py", line 228, in getOrCreate
[2025-05-20T14:48:04.312+0000] {subprocess.py:92} INFO -     sc = SparkContext.getOrCreate(sparkConf)
[2025-05-20T14:48:04.312+0000] {subprocess.py:92} INFO -   File "/home/***/.local/lib/python3.7/site-packages/pyspark/context.py", line 384, in getOrCreate
[2025-05-20T14:48:04.313+0000] {subprocess.py:92} INFO -     SparkContext(conf=conf or SparkConf())
[2025-05-20T14:48:04.313+0000] {subprocess.py:92} INFO -   File "/home/***/.local/lib/python3.7/site-packages/pyspark/context.py", line 144, in __init__
[2025-05-20T14:48:04.313+0000] {subprocess.py:92} INFO -     SparkContext._ensure_initialized(self, gateway=gateway, conf=conf)
[2025-05-20T14:48:04.313+0000] {subprocess.py:92} INFO -   File "/home/***/.local/lib/python3.7/site-packages/pyspark/context.py", line 331, in _ensure_initialized
[2025-05-20T14:48:04.314+0000] {subprocess.py:92} INFO -     SparkContext._gateway = gateway or launch_gateway(conf)
[2025-05-20T14:48:04.314+0000] {subprocess.py:92} INFO -   File "/home/***/.local/lib/python3.7/site-packages/pyspark/java_gateway.py", line 108, in launch_gateway
[2025-05-20T14:48:04.314+0000] {subprocess.py:92} INFO -     raise Exception("Java gateway process exited before sending its port number")
[2025-05-20T14:48:04.314+0000] {subprocess.py:92} INFO - Exception: Java gateway process exited before sending its port number
[2025-05-20T14:48:04.351+0000] {subprocess.py:96} INFO - Command exited with return code 1
[2025-05-20T14:48:04.366+0000] {taskinstance.py:1902} ERROR - Task failed with exception
Traceback (most recent call last):
  File "/home/airflow/.local/lib/python3.7/site-packages/airflow/operators/bash.py", line 197, in execute
    f'Bash command failed. The command returned a non-zero exit code {result.exit_code}.'
airflow.exceptions.AirflowException: Bash command failed. The command returned a non-zero exit code 1.
[2025-05-20T14:48:04.371+0000] {taskinstance.py:1412} INFO - Marking task as UP_FOR_RETRY. dag_id=Scheduler_Traffict_Accident, task_id=Extract_Data, execution_date=20250520T144752, start_date=20250520T144753, end_date=20250520T144804
[2025-05-20T14:48:04.384+0000] {standard_task_runner.py:97} ERROR - Failed to execute job 3 for task Extract_Data (Bash command failed. The command returned a non-zero exit code 1.; 224)
[2025-05-20T14:48:04.403+0000] {local_task_job.py:156} INFO - Task exited with return code 1
[2025-05-20T14:48:04.438+0000] {local_task_job.py:279} INFO - 0 downstream tasks scheduled from follow-on schedule check
