[2025-05-20T08:50:59.993+0000] {taskinstance.py:1171} INFO - Dependencies all met for <TaskInstance: Scheduler_Traffict_Accident.Extract_Data scheduled__2025-05-20T08:45:00+00:00 [queued]>
[2025-05-20T08:51:00.016+0000] {taskinstance.py:1171} INFO - Dependencies all met for <TaskInstance: Scheduler_Traffict_Accident.Extract_Data scheduled__2025-05-20T08:45:00+00:00 [queued]>
[2025-05-20T08:51:00.016+0000] {taskinstance.py:1368} INFO - 
--------------------------------------------------------------------------------
[2025-05-20T08:51:00.017+0000] {taskinstance.py:1369} INFO - Starting attempt 1 of 2
[2025-05-20T08:51:00.018+0000] {taskinstance.py:1370} INFO - 
--------------------------------------------------------------------------------
[2025-05-20T08:51:00.042+0000] {taskinstance.py:1389} INFO - Executing <Task(BashOperator): Extract_Data> on 2025-05-20 08:45:00+00:00
[2025-05-20T08:51:00.048+0000] {standard_task_runner.py:52} INFO - Started process 227 to run task
[2025-05-20T08:51:00.053+0000] {standard_task_runner.py:79} INFO - Running: ['***', 'tasks', 'run', 'Scheduler_Traffict_Accident', 'Extract_Data', 'scheduled__2025-05-20T08:45:00+00:00', '--job-id', '202', '--raw', '--subdir', 'DAGS_FOLDER/Scheduler_Traffict_Accident.py', '--cfg-path', '/tmp/tmp_1_0xe0e', '--error-file', '/tmp/tmpp4_sofp5']
[2025-05-20T08:51:00.056+0000] {standard_task_runner.py:80} INFO - Job 202: Subtask Extract_Data
[2025-05-20T08:51:00.138+0000] {task_command.py:371} INFO - Running <TaskInstance: Scheduler_Traffict_Accident.Extract_Data scheduled__2025-05-20T08:45:00+00:00 [running]> on host 130b90adb98a
[2025-05-20T08:51:00.225+0000] {taskinstance.py:1583} INFO - Exporting the following env vars:
AIRFLOW_CTX_DAG_OWNER=Hisham
AIRFLOW_CTX_DAG_ID=Scheduler_Traffict_Accident
AIRFLOW_CTX_TASK_ID=Extract_Data
AIRFLOW_CTX_EXECUTION_DATE=2025-05-20T08:45:00+00:00
AIRFLOW_CTX_TRY_NUMBER=1
AIRFLOW_CTX_DAG_RUN_ID=scheduled__2025-05-20T08:45:00+00:00
[2025-05-20T08:51:00.227+0000] {subprocess.py:62} INFO - Tmp dir root location: 
 /tmp
[2025-05-20T08:51:00.228+0000] {subprocess.py:74} INFO - Running command: ['/bin/bash', '-c', 'sudo -u *** python /opt/***/scripts/Extract_Data.py']
[2025-05-20T08:51:00.237+0000] {subprocess.py:85} INFO - Output:
[2025-05-20T08:51:02.433+0000] {subprocess.py:92} INFO - WARNING: An illegal reflective access operation has occurred
[2025-05-20T08:51:02.433+0000] {subprocess.py:92} INFO - WARNING: Illegal reflective access by org.apache.spark.unsafe.Platform (file:/home/***/.local/lib/python3.7/site-packages/pyspark/jars/spark-unsafe_2.12-3.1.2.jar) to constructor java.nio.DirectByteBuffer(long,int)
[2025-05-20T08:51:02.434+0000] {subprocess.py:92} INFO - WARNING: Please consider reporting this to the maintainers of org.apache.spark.unsafe.Platform
[2025-05-20T08:51:02.435+0000] {subprocess.py:92} INFO - WARNING: Use --illegal-access=warn to enable warnings of further illegal reflective access operations
[2025-05-20T08:51:02.435+0000] {subprocess.py:92} INFO - WARNING: All illegal access operations will be denied in a future release
[2025-05-20T08:51:02.603+0000] {subprocess.py:92} INFO - :: loading settings :: url = jar:file:/home/***/.local/lib/python3.7/site-packages/pyspark/jars/ivy-2.4.0.jar!/org/apache/ivy/core/settings/ivysettings.xml
[2025-05-20T08:51:02.701+0000] {subprocess.py:92} INFO - Ivy Default Cache set to: /home/***/.ivy2/cache
[2025-05-20T08:51:02.702+0000] {subprocess.py:92} INFO - The jars for the packages stored in: /home/***/.ivy2/jars
[2025-05-20T08:51:02.705+0000] {subprocess.py:92} INFO - org.postgresql#postgresql added as a dependency
[2025-05-20T08:51:02.706+0000] {subprocess.py:92} INFO - :: resolving dependencies :: org.apache.spark#spark-submit-parent-734d4367-826d-4a1e-a7e6-8aa162377f77;1.0
[2025-05-20T08:51:02.706+0000] {subprocess.py:92} INFO - 	confs: [default]
[2025-05-20T08:51:04.868+0000] {subprocess.py:92} INFO - 	found org.postgresql#postgresql;42.6.0 in central
[2025-05-20T08:51:06.783+0000] {subprocess.py:92} INFO - downloading https://repo1.maven.org/maven2/org/postgresql/postgresql/42.6.0/postgresql-42.6.0.jar ...
[2025-05-20T08:51:08.041+0000] {subprocess.py:92} INFO - :: resolution report :: resolve 4076ms :: artifacts dl 1259ms
[2025-05-20T08:51:08.043+0000] {subprocess.py:92} INFO - 	:: modules in use:
[2025-05-20T08:51:08.043+0000] {subprocess.py:92} INFO - 	org.postgresql#postgresql;42.6.0 from central in [default]
[2025-05-20T08:51:08.044+0000] {subprocess.py:92} INFO - 	---------------------------------------------------------------------
[2025-05-20T08:51:08.045+0000] {subprocess.py:92} INFO - 	|                  |            modules            ||   artifacts   |
[2025-05-20T08:51:08.045+0000] {subprocess.py:92} INFO - 	|       conf       | number| search|dwnlded|evicted|| number|dwnlded|
[2025-05-20T08:51:08.046+0000] {subprocess.py:92} INFO - 	---------------------------------------------------------------------
[2025-05-20T08:51:08.046+0000] {subprocess.py:92} INFO - 	|      default     |   2   |   1   |   1   |   0   ||   1   |   0   |
[2025-05-20T08:51:08.049+0000] {subprocess.py:92} INFO - 	---------------------------------------------------------------------
[2025-05-20T08:51:08.049+0000] {subprocess.py:92} INFO - 
[2025-05-20T08:51:08.049+0000] {subprocess.py:92} INFO - :: problems summary ::
[2025-05-20T08:51:08.051+0000] {subprocess.py:92} INFO - :::: WARNINGS
[2025-05-20T08:51:08.051+0000] {subprocess.py:92} INFO - 	problem while downloading module descriptor: https://repo1.maven.org/maven2/org/checkerframework/checker-qual/3.31.0/checker-qual-3.31.0.pom: Downloaded file size doesn't match expected Content Length for https://repo1.maven.org/maven2/org/checkerframework/checker-qual/3.31.0/checker-qual-3.31.0.pom. Please retry. (218ms)
[2025-05-20T08:51:08.051+0000] {subprocess.py:92} INFO - 
[2025-05-20T08:51:08.052+0000] {subprocess.py:92} INFO - 		module not found: org.checkerframework#checker-qual;3.31.0
[2025-05-20T08:51:08.052+0000] {subprocess.py:92} INFO - 
[2025-05-20T08:51:08.052+0000] {subprocess.py:92} INFO - 	==== local-m2-cache: tried
[2025-05-20T08:51:08.053+0000] {subprocess.py:92} INFO - 
[2025-05-20T08:51:08.053+0000] {subprocess.py:92} INFO - 	  file:/home/***/.m2/repository/org/checkerframework/checker-qual/3.31.0/checker-qual-3.31.0.pom
[2025-05-20T08:51:08.054+0000] {subprocess.py:92} INFO - 
[2025-05-20T08:51:08.055+0000] {subprocess.py:92} INFO - 	  -- artifact org.checkerframework#checker-qual;3.31.0!checker-qual.jar:
[2025-05-20T08:51:08.055+0000] {subprocess.py:92} INFO - 
[2025-05-20T08:51:08.057+0000] {subprocess.py:92} INFO - 	  file:/home/***/.m2/repository/org/checkerframework/checker-qual/3.31.0/checker-qual-3.31.0.jar
[2025-05-20T08:51:08.059+0000] {subprocess.py:92} INFO - 
[2025-05-20T08:51:08.060+0000] {subprocess.py:92} INFO - 	==== local-ivy-cache: tried
[2025-05-20T08:51:08.060+0000] {subprocess.py:92} INFO - 
[2025-05-20T08:51:08.061+0000] {subprocess.py:92} INFO - 	  /home/***/.ivy2/local/org.checkerframework/checker-qual/3.31.0/ivys/ivy.xml
[2025-05-20T08:51:08.062+0000] {subprocess.py:92} INFO - 
[2025-05-20T08:51:08.063+0000] {subprocess.py:92} INFO - 	  -- artifact org.checkerframework#checker-qual;3.31.0!checker-qual.jar:
[2025-05-20T08:51:08.063+0000] {subprocess.py:92} INFO - 
[2025-05-20T08:51:08.063+0000] {subprocess.py:92} INFO - 	  /home/***/.ivy2/local/org.checkerframework/checker-qual/3.31.0/jars/checker-qual.jar
[2025-05-20T08:51:08.064+0000] {subprocess.py:92} INFO - 
[2025-05-20T08:51:08.064+0000] {subprocess.py:92} INFO - 	==== central: tried
[2025-05-20T08:51:08.065+0000] {subprocess.py:92} INFO - 
[2025-05-20T08:51:08.065+0000] {subprocess.py:92} INFO - 	  https://repo1.maven.org/maven2/org/checkerframework/checker-qual/3.31.0/checker-qual-3.31.0.pom
[2025-05-20T08:51:08.067+0000] {subprocess.py:92} INFO - 
[2025-05-20T08:51:08.068+0000] {subprocess.py:92} INFO - 	==== spark-packages: tried
[2025-05-20T08:51:08.068+0000] {subprocess.py:92} INFO - 
[2025-05-20T08:51:08.071+0000] {subprocess.py:92} INFO - 	  https://repos.spark-packages.org/org/checkerframework/checker-qual/3.31.0/checker-qual-3.31.0.pom
[2025-05-20T08:51:08.073+0000] {subprocess.py:92} INFO - 
[2025-05-20T08:51:08.077+0000] {subprocess.py:92} INFO - 	  -- artifact org.checkerframework#checker-qual;3.31.0!checker-qual.jar:
[2025-05-20T08:51:08.078+0000] {subprocess.py:92} INFO - 
[2025-05-20T08:51:08.079+0000] {subprocess.py:92} INFO - 	  https://repos.spark-packages.org/org/checkerframework/checker-qual/3.31.0/checker-qual-3.31.0.jar
[2025-05-20T08:51:08.080+0000] {subprocess.py:92} INFO - 
[2025-05-20T08:51:08.081+0000] {subprocess.py:92} INFO - 		[FAILED     ] org.postgresql#postgresql;42.6.0!postgresql.jar: Downloaded file size doesn't match expected Content Length for https://repo1.maven.org/maven2/org/postgresql/postgresql/42.6.0/postgresql-42.6.0.jar. Please retry. (1258ms)
[2025-05-20T08:51:08.082+0000] {subprocess.py:92} INFO - 
[2025-05-20T08:51:08.083+0000] {subprocess.py:92} INFO - 		[FAILED     ] org.postgresql#postgresql;42.6.0!postgresql.jar: Downloaded file size doesn't match expected Content Length for https://repo1.maven.org/maven2/org/postgresql/postgresql/42.6.0/postgresql-42.6.0.jar. Please retry. (1258ms)
[2025-05-20T08:51:08.084+0000] {subprocess.py:92} INFO - 
[2025-05-20T08:51:08.084+0000] {subprocess.py:92} INFO - 	==== central: tried
[2025-05-20T08:51:08.085+0000] {subprocess.py:92} INFO - 
[2025-05-20T08:51:08.085+0000] {subprocess.py:92} INFO - 	  https://repo1.maven.org/maven2/org/postgresql/postgresql/42.6.0/postgresql-42.6.0.jar
[2025-05-20T08:51:08.086+0000] {subprocess.py:92} INFO - 
[2025-05-20T08:51:08.087+0000] {subprocess.py:92} INFO - 		::::::::::::::::::::::::::::::::::::::::::::::
[2025-05-20T08:51:08.087+0000] {subprocess.py:92} INFO - 
[2025-05-20T08:51:08.088+0000] {subprocess.py:92} INFO - 		::          UNRESOLVED DEPENDENCIES         ::
[2025-05-20T08:51:08.088+0000] {subprocess.py:92} INFO - 
[2025-05-20T08:51:08.089+0000] {subprocess.py:92} INFO - 		::::::::::::::::::::::::::::::::::::::::::::::
[2025-05-20T08:51:08.089+0000] {subprocess.py:92} INFO - 
[2025-05-20T08:51:08.090+0000] {subprocess.py:92} INFO - 		:: org.checkerframework#checker-qual;3.31.0: not found
[2025-05-20T08:51:08.090+0000] {subprocess.py:92} INFO - 
[2025-05-20T08:51:08.091+0000] {subprocess.py:92} INFO - 		::::::::::::::::::::::::::::::::::::::::::::::
[2025-05-20T08:51:08.091+0000] {subprocess.py:92} INFO - 
[2025-05-20T08:51:08.092+0000] {subprocess.py:92} INFO - 
[2025-05-20T08:51:08.093+0000] {subprocess.py:92} INFO - 		::::::::::::::::::::::::::::::::::::::::::::::
[2025-05-20T08:51:08.093+0000] {subprocess.py:92} INFO - 
[2025-05-20T08:51:08.094+0000] {subprocess.py:92} INFO - 		::              FAILED DOWNLOADS            ::
[2025-05-20T08:51:08.095+0000] {subprocess.py:92} INFO - 
[2025-05-20T08:51:08.095+0000] {subprocess.py:92} INFO - 		:: ^ see resolution messages for details  ^ ::
[2025-05-20T08:51:08.096+0000] {subprocess.py:92} INFO - 
[2025-05-20T08:51:08.097+0000] {subprocess.py:92} INFO - 		::::::::::::::::::::::::::::::::::::::::::::::
[2025-05-20T08:51:08.097+0000] {subprocess.py:92} INFO - 
[2025-05-20T08:51:08.098+0000] {subprocess.py:92} INFO - 		:: org.postgresql#postgresql;42.6.0!postgresql.jar
[2025-05-20T08:51:08.099+0000] {subprocess.py:92} INFO - 
[2025-05-20T08:51:08.100+0000] {subprocess.py:92} INFO - 		::::::::::::::::::::::::::::::::::::::::::::::
[2025-05-20T08:51:08.100+0000] {subprocess.py:92} INFO - 
[2025-05-20T08:51:08.101+0000] {subprocess.py:92} INFO - 
[2025-05-20T08:51:08.102+0000] {subprocess.py:92} INFO - 
[2025-05-20T08:51:08.102+0000] {subprocess.py:92} INFO - :: USE VERBOSE OR DEBUG MESSAGE LEVEL FOR MORE DETAILS
[2025-05-20T08:51:08.103+0000] {subprocess.py:92} INFO - Exception in thread "main" java.lang.RuntimeException: [unresolved dependency: org.checkerframework#checker-qual;3.31.0: not found, download failed: org.postgresql#postgresql;42.6.0!postgresql.jar]
[2025-05-20T08:51:08.104+0000] {subprocess.py:92} INFO - 	at org.apache.spark.deploy.SparkSubmitUtils$.resolveMavenCoordinates(SparkSubmit.scala:1429)
[2025-05-20T08:51:08.104+0000] {subprocess.py:92} INFO - 	at org.apache.spark.deploy.DependencyUtils$.resolveMavenDependencies(DependencyUtils.scala:54)
[2025-05-20T08:51:08.105+0000] {subprocess.py:92} INFO - 	at org.apache.spark.deploy.SparkSubmit.prepareSubmitEnvironment(SparkSubmit.scala:308)
[2025-05-20T08:51:08.106+0000] {subprocess.py:92} INFO - 	at org.apache.spark.deploy.SparkSubmit.org$apache$spark$deploy$SparkSubmit$$runMain(SparkSubmit.scala:894)
[2025-05-20T08:51:08.106+0000] {subprocess.py:92} INFO - 	at org.apache.spark.deploy.SparkSubmit.doRunMain$1(SparkSubmit.scala:180)
[2025-05-20T08:51:08.107+0000] {subprocess.py:92} INFO - 	at org.apache.spark.deploy.SparkSubmit.submit(SparkSubmit.scala:203)
[2025-05-20T08:51:08.107+0000] {subprocess.py:92} INFO - 	at org.apache.spark.deploy.SparkSubmit.doSubmit(SparkSubmit.scala:90)
[2025-05-20T08:51:08.108+0000] {subprocess.py:92} INFO - 	at org.apache.spark.deploy.SparkSubmit$$anon$2.doSubmit(SparkSubmit.scala:1039)
[2025-05-20T08:51:08.108+0000] {subprocess.py:92} INFO - 	at org.apache.spark.deploy.SparkSubmit$.main(SparkSubmit.scala:1048)
[2025-05-20T08:51:08.109+0000] {subprocess.py:92} INFO - 	at org.apache.spark.deploy.SparkSubmit.main(SparkSubmit.scala)
[2025-05-20T08:51:08.110+0000] {subprocess.py:92} INFO - Traceback (most recent call last):
[2025-05-20T08:51:08.110+0000] {subprocess.py:92} INFO -   File "/opt/***/scripts/Extract_Data.py", line 9, in <module>
[2025-05-20T08:51:08.111+0000] {subprocess.py:92} INFO -     .config("spark.jars.packages", "org.postgresql:postgresql:42.6.0") \
[2025-05-20T08:51:08.111+0000] {subprocess.py:92} INFO -   File "/home/***/.local/lib/python3.7/site-packages/pyspark/sql/session.py", line 228, in getOrCreate
[2025-05-20T08:51:08.112+0000] {subprocess.py:92} INFO -     sc = SparkContext.getOrCreate(sparkConf)
[2025-05-20T08:51:08.113+0000] {subprocess.py:92} INFO -   File "/home/***/.local/lib/python3.7/site-packages/pyspark/context.py", line 384, in getOrCreate
[2025-05-20T08:51:08.113+0000] {subprocess.py:92} INFO -     SparkContext(conf=conf or SparkConf())
[2025-05-20T08:51:08.114+0000] {subprocess.py:92} INFO -   File "/home/***/.local/lib/python3.7/site-packages/pyspark/context.py", line 144, in __init__
[2025-05-20T08:51:08.114+0000] {subprocess.py:92} INFO -     SparkContext._ensure_initialized(self, gateway=gateway, conf=conf)
[2025-05-20T08:51:08.115+0000] {subprocess.py:92} INFO -   File "/home/***/.local/lib/python3.7/site-packages/pyspark/context.py", line 331, in _ensure_initialized
[2025-05-20T08:51:08.116+0000] {subprocess.py:92} INFO -     SparkContext._gateway = gateway or launch_gateway(conf)
[2025-05-20T08:51:08.117+0000] {subprocess.py:92} INFO -   File "/home/***/.local/lib/python3.7/site-packages/pyspark/java_gateway.py", line 108, in launch_gateway
[2025-05-20T08:51:08.117+0000] {subprocess.py:92} INFO -     raise Exception("Java gateway process exited before sending its port number")
[2025-05-20T08:51:08.118+0000] {subprocess.py:92} INFO - Exception: Java gateway process exited before sending its port number
[2025-05-20T08:51:08.143+0000] {subprocess.py:96} INFO - Command exited with return code 1
[2025-05-20T08:51:08.159+0000] {taskinstance.py:1902} ERROR - Task failed with exception
Traceback (most recent call last):
  File "/home/airflow/.local/lib/python3.7/site-packages/airflow/operators/bash.py", line 197, in execute
    f'Bash command failed. The command returned a non-zero exit code {result.exit_code}.'
airflow.exceptions.AirflowException: Bash command failed. The command returned a non-zero exit code 1.
[2025-05-20T08:51:08.163+0000] {taskinstance.py:1412} INFO - Marking task as UP_FOR_RETRY. dag_id=Scheduler_Traffict_Accident, task_id=Extract_Data, execution_date=20250520T084500, start_date=20250520T085059, end_date=20250520T085108
[2025-05-20T08:51:08.177+0000] {standard_task_runner.py:97} ERROR - Failed to execute job 202 for task Extract_Data (Bash command failed. The command returned a non-zero exit code 1.; 227)
[2025-05-20T08:51:08.197+0000] {local_task_job.py:156} INFO - Task exited with return code 1
[2025-05-20T08:51:08.232+0000] {local_task_job.py:279} INFO - 0 downstream tasks scheduled from follow-on schedule check
[2025-05-20T09:02:11.003+0000] {taskinstance.py:1171} INFO - Dependencies all met for <TaskInstance: Scheduler_Traffict_Accident.Extract_Data scheduled__2025-05-20T08:45:00+00:00 [queued]>
[2025-05-20T09:02:11.016+0000] {taskinstance.py:1171} INFO - Dependencies all met for <TaskInstance: Scheduler_Traffict_Accident.Extract_Data scheduled__2025-05-20T08:45:00+00:00 [queued]>
[2025-05-20T09:02:11.017+0000] {taskinstance.py:1368} INFO - 
--------------------------------------------------------------------------------
[2025-05-20T09:02:11.018+0000] {taskinstance.py:1369} INFO - Starting attempt 1 of 2
[2025-05-20T09:02:11.018+0000] {taskinstance.py:1370} INFO - 
--------------------------------------------------------------------------------
[2025-05-20T09:02:11.034+0000] {taskinstance.py:1389} INFO - Executing <Task(BashOperator): Extract_Data> on 2025-05-20 08:45:00+00:00
[2025-05-20T09:02:11.039+0000] {standard_task_runner.py:52} INFO - Started process 224 to run task
[2025-05-20T09:02:11.043+0000] {standard_task_runner.py:79} INFO - Running: ['***', 'tasks', 'run', 'Scheduler_Traffict_Accident', 'Extract_Data', 'scheduled__2025-05-20T08:45:00+00:00', '--job-id', '2', '--raw', '--subdir', 'DAGS_FOLDER/Scheduler_Traffict_Accident.py', '--cfg-path', '/tmp/tmp2729ri7m', '--error-file', '/tmp/tmpm0tcpl_n']
[2025-05-20T09:02:11.045+0000] {standard_task_runner.py:80} INFO - Job 2: Subtask Extract_Data
[2025-05-20T09:02:11.123+0000] {task_command.py:371} INFO - Running <TaskInstance: Scheduler_Traffict_Accident.Extract_Data scheduled__2025-05-20T08:45:00+00:00 [running]> on host 6c958a96284c
[2025-05-20T09:02:11.200+0000] {taskinstance.py:1583} INFO - Exporting the following env vars:
AIRFLOW_CTX_DAG_OWNER=Hisham
AIRFLOW_CTX_DAG_ID=Scheduler_Traffict_Accident
AIRFLOW_CTX_TASK_ID=Extract_Data
AIRFLOW_CTX_EXECUTION_DATE=2025-05-20T08:45:00+00:00
AIRFLOW_CTX_TRY_NUMBER=1
AIRFLOW_CTX_DAG_RUN_ID=scheduled__2025-05-20T08:45:00+00:00
[2025-05-20T09:02:11.201+0000] {subprocess.py:62} INFO - Tmp dir root location: 
 /tmp
[2025-05-20T09:02:11.203+0000] {subprocess.py:74} INFO - Running command: ['/bin/bash', '-c', 'sudo -u *** python /opt/***/scripts/Extract_Data.py']
[2025-05-20T09:02:11.211+0000] {subprocess.py:85} INFO - Output:
[2025-05-20T09:02:12.994+0000] {subprocess.py:92} INFO - WARNING: An illegal reflective access operation has occurred
[2025-05-20T09:02:12.995+0000] {subprocess.py:92} INFO - WARNING: Illegal reflective access by org.apache.spark.unsafe.Platform (file:/home/***/.local/lib/python3.7/site-packages/pyspark/jars/spark-unsafe_2.12-3.1.2.jar) to constructor java.nio.DirectByteBuffer(long,int)
[2025-05-20T09:02:12.996+0000] {subprocess.py:92} INFO - WARNING: Please consider reporting this to the maintainers of org.apache.spark.unsafe.Platform
[2025-05-20T09:02:12.997+0000] {subprocess.py:92} INFO - WARNING: Use --illegal-access=warn to enable warnings of further illegal reflective access operations
[2025-05-20T09:02:12.997+0000] {subprocess.py:92} INFO - WARNING: All illegal access operations will be denied in a future release
[2025-05-20T09:02:13.142+0000] {subprocess.py:92} INFO - :: loading settings :: url = jar:file:/home/***/.local/lib/python3.7/site-packages/pyspark/jars/ivy-2.4.0.jar!/org/apache/ivy/core/settings/ivysettings.xml
[2025-05-20T09:02:13.216+0000] {subprocess.py:92} INFO - Ivy Default Cache set to: /home/***/.ivy2/cache
[2025-05-20T09:02:13.218+0000] {subprocess.py:92} INFO - The jars for the packages stored in: /home/***/.ivy2/jars
[2025-05-20T09:02:13.221+0000] {subprocess.py:92} INFO - org.postgresql#postgresql added as a dependency
[2025-05-20T09:02:13.222+0000] {subprocess.py:92} INFO - :: resolving dependencies :: org.apache.spark#spark-submit-parent-3954a826-7667-4eef-bb53-27f3acfdd088;1.0
[2025-05-20T09:02:13.223+0000] {subprocess.py:92} INFO - 	confs: [default]
[2025-05-20T09:02:15.343+0000] {subprocess.py:92} INFO - 	found org.postgresql#postgresql;42.6.0 in central
[2025-05-20T09:02:16.430+0000] {subprocess.py:92} INFO - 	found org.checkerframework#checker-qual;3.31.0 in central
[2025-05-20T09:02:16.448+0000] {subprocess.py:92} INFO - downloading https://repo1.maven.org/maven2/org/postgresql/postgresql/42.6.0/postgresql-42.6.0.jar ...
[2025-05-20T09:02:17.686+0000] {subprocess.py:92} INFO - downloading https://repo1.maven.org/maven2/org/checkerframework/checker-qual/3.31.0/checker-qual-3.31.0.jar ...
[2025-05-20T09:02:17.915+0000] {subprocess.py:92} INFO - 	[SUCCESSFUL ] org.checkerframework#checker-qual;3.31.0!checker-qual.jar (228ms)
[2025-05-20T09:02:17.915+0000] {subprocess.py:92} INFO - :: resolution report :: resolve 3223ms :: artifacts dl 1470ms
[2025-05-20T09:02:17.916+0000] {subprocess.py:92} INFO - 	:: modules in use:
[2025-05-20T09:02:17.917+0000] {subprocess.py:92} INFO - 	org.checkerframework#checker-qual;3.31.0 from central in [default]
[2025-05-20T09:02:17.917+0000] {subprocess.py:92} INFO - 	org.postgresql#postgresql;42.6.0 from central in [default]
[2025-05-20T09:02:17.918+0000] {subprocess.py:92} INFO - 	---------------------------------------------------------------------
[2025-05-20T09:02:17.918+0000] {subprocess.py:92} INFO - 	|                  |            modules            ||   artifacts   |
[2025-05-20T09:02:17.919+0000] {subprocess.py:92} INFO - 	|       conf       | number| search|dwnlded|evicted|| number|dwnlded|
[2025-05-20T09:02:17.920+0000] {subprocess.py:92} INFO - 	---------------------------------------------------------------------
[2025-05-20T09:02:17.920+0000] {subprocess.py:92} INFO - 	|      default     |   2   |   2   |   2   |   0   ||   2   |   1   |
[2025-05-20T09:02:17.921+0000] {subprocess.py:92} INFO - 	---------------------------------------------------------------------
[2025-05-20T09:02:17.922+0000] {subprocess.py:92} INFO - 
[2025-05-20T09:02:17.922+0000] {subprocess.py:92} INFO - :: problems summary ::
[2025-05-20T09:02:17.923+0000] {subprocess.py:92} INFO - :::: WARNINGS
[2025-05-20T09:02:17.924+0000] {subprocess.py:92} INFO - 		[FAILED     ] org.postgresql#postgresql;42.6.0!postgresql.jar: Downloaded file size doesn't match expected Content Length for https://repo1.maven.org/maven2/org/postgresql/postgresql/42.6.0/postgresql-42.6.0.jar. Please retry. (1237ms)
[2025-05-20T09:02:17.925+0000] {subprocess.py:92} INFO - 
[2025-05-20T09:02:17.925+0000] {subprocess.py:92} INFO - 		[FAILED     ] org.postgresql#postgresql;42.6.0!postgresql.jar: Downloaded file size doesn't match expected Content Length for https://repo1.maven.org/maven2/org/postgresql/postgresql/42.6.0/postgresql-42.6.0.jar. Please retry. (1237ms)
[2025-05-20T09:02:17.926+0000] {subprocess.py:92} INFO - 
[2025-05-20T09:02:17.926+0000] {subprocess.py:92} INFO - 	==== central: tried
[2025-05-20T09:02:17.927+0000] {subprocess.py:92} INFO - 
[2025-05-20T09:02:17.927+0000] {subprocess.py:92} INFO - 	  https://repo1.maven.org/maven2/org/postgresql/postgresql/42.6.0/postgresql-42.6.0.jar
[2025-05-20T09:02:17.928+0000] {subprocess.py:92} INFO - 
[2025-05-20T09:02:17.929+0000] {subprocess.py:92} INFO - 		::::::::::::::::::::::::::::::::::::::::::::::
[2025-05-20T09:02:17.929+0000] {subprocess.py:92} INFO - 
[2025-05-20T09:02:17.930+0000] {subprocess.py:92} INFO - 		::              FAILED DOWNLOADS            ::
[2025-05-20T09:02:17.930+0000] {subprocess.py:92} INFO - 
[2025-05-20T09:02:17.931+0000] {subprocess.py:92} INFO - 		:: ^ see resolution messages for details  ^ ::
[2025-05-20T09:02:17.931+0000] {subprocess.py:92} INFO - 
[2025-05-20T09:02:17.931+0000] {subprocess.py:92} INFO - 		::::::::::::::::::::::::::::::::::::::::::::::
[2025-05-20T09:02:17.932+0000] {subprocess.py:92} INFO - 
[2025-05-20T09:02:17.932+0000] {subprocess.py:92} INFO - 		:: org.postgresql#postgresql;42.6.0!postgresql.jar
[2025-05-20T09:02:17.933+0000] {subprocess.py:92} INFO - 
[2025-05-20T09:02:17.934+0000] {subprocess.py:92} INFO - 		::::::::::::::::::::::::::::::::::::::::::::::
[2025-05-20T09:02:17.934+0000] {subprocess.py:92} INFO - 
[2025-05-20T09:02:17.935+0000] {subprocess.py:92} INFO - 
[2025-05-20T09:02:17.935+0000] {subprocess.py:92} INFO - 
[2025-05-20T09:02:17.936+0000] {subprocess.py:92} INFO - :: USE VERBOSE OR DEBUG MESSAGE LEVEL FOR MORE DETAILS
[2025-05-20T09:02:17.936+0000] {subprocess.py:92} INFO - Exception in thread "main" java.lang.RuntimeException: [download failed: org.postgresql#postgresql;42.6.0!postgresql.jar]
[2025-05-20T09:02:17.937+0000] {subprocess.py:92} INFO - 	at org.apache.spark.deploy.SparkSubmitUtils$.resolveMavenCoordinates(SparkSubmit.scala:1429)
[2025-05-20T09:02:17.937+0000] {subprocess.py:92} INFO - 	at org.apache.spark.deploy.DependencyUtils$.resolveMavenDependencies(DependencyUtils.scala:54)
[2025-05-20T09:02:17.938+0000] {subprocess.py:92} INFO - 	at org.apache.spark.deploy.SparkSubmit.prepareSubmitEnvironment(SparkSubmit.scala:308)
[2025-05-20T09:02:17.939+0000] {subprocess.py:92} INFO - 	at org.apache.spark.deploy.SparkSubmit.org$apache$spark$deploy$SparkSubmit$$runMain(SparkSubmit.scala:894)
[2025-05-20T09:02:17.939+0000] {subprocess.py:92} INFO - 	at org.apache.spark.deploy.SparkSubmit.doRunMain$1(SparkSubmit.scala:180)
[2025-05-20T09:02:17.939+0000] {subprocess.py:92} INFO - 	at org.apache.spark.deploy.SparkSubmit.submit(SparkSubmit.scala:203)
[2025-05-20T09:02:17.940+0000] {subprocess.py:92} INFO - 	at org.apache.spark.deploy.SparkSubmit.doSubmit(SparkSubmit.scala:90)
[2025-05-20T09:02:17.940+0000] {subprocess.py:92} INFO - 	at org.apache.spark.deploy.SparkSubmit$$anon$2.doSubmit(SparkSubmit.scala:1039)
[2025-05-20T09:02:17.940+0000] {subprocess.py:92} INFO - 	at org.apache.spark.deploy.SparkSubmit$.main(SparkSubmit.scala:1048)
[2025-05-20T09:02:17.941+0000] {subprocess.py:92} INFO - 	at org.apache.spark.deploy.SparkSubmit.main(SparkSubmit.scala)
[2025-05-20T09:02:17.948+0000] {subprocess.py:92} INFO - Traceback (most recent call last):
[2025-05-20T09:02:17.949+0000] {subprocess.py:92} INFO -   File "/opt/***/scripts/Extract_Data.py", line 9, in <module>
[2025-05-20T09:02:17.949+0000] {subprocess.py:92} INFO -     .config("spark.jars.packages", "org.postgresql:postgresql:42.6.0") \
[2025-05-20T09:02:17.950+0000] {subprocess.py:92} INFO -   File "/home/***/.local/lib/python3.7/site-packages/pyspark/sql/session.py", line 228, in getOrCreate
[2025-05-20T09:02:17.950+0000] {subprocess.py:92} INFO -     sc = SparkContext.getOrCreate(sparkConf)
[2025-05-20T09:02:17.951+0000] {subprocess.py:92} INFO -   File "/home/***/.local/lib/python3.7/site-packages/pyspark/context.py", line 384, in getOrCreate
[2025-05-20T09:02:17.951+0000] {subprocess.py:92} INFO -     SparkContext(conf=conf or SparkConf())
[2025-05-20T09:02:17.951+0000] {subprocess.py:92} INFO -   File "/home/***/.local/lib/python3.7/site-packages/pyspark/context.py", line 144, in __init__
[2025-05-20T09:02:17.952+0000] {subprocess.py:92} INFO -     SparkContext._ensure_initialized(self, gateway=gateway, conf=conf)
[2025-05-20T09:02:17.952+0000] {subprocess.py:92} INFO -   File "/home/***/.local/lib/python3.7/site-packages/pyspark/context.py", line 331, in _ensure_initialized
[2025-05-20T09:02:17.953+0000] {subprocess.py:92} INFO -     SparkContext._gateway = gateway or launch_gateway(conf)
[2025-05-20T09:02:17.954+0000] {subprocess.py:92} INFO -   File "/home/***/.local/lib/python3.7/site-packages/pyspark/java_gateway.py", line 108, in launch_gateway
[2025-05-20T09:02:17.954+0000] {subprocess.py:92} INFO -     raise Exception("Java gateway process exited before sending its port number")
[2025-05-20T09:02:17.955+0000] {subprocess.py:92} INFO - Exception: Java gateway process exited before sending its port number
[2025-05-20T09:02:17.991+0000] {subprocess.py:96} INFO - Command exited with return code 1
[2025-05-20T09:02:18.005+0000] {taskinstance.py:1902} ERROR - Task failed with exception
Traceback (most recent call last):
  File "/home/airflow/.local/lib/python3.7/site-packages/airflow/operators/bash.py", line 197, in execute
    f'Bash command failed. The command returned a non-zero exit code {result.exit_code}.'
airflow.exceptions.AirflowException: Bash command failed. The command returned a non-zero exit code 1.
[2025-05-20T09:02:18.009+0000] {taskinstance.py:1412} INFO - Marking task as UP_FOR_RETRY. dag_id=Scheduler_Traffict_Accident, task_id=Extract_Data, execution_date=20250520T084500, start_date=20250520T090211, end_date=20250520T090218
[2025-05-20T09:02:18.023+0000] {standard_task_runner.py:97} ERROR - Failed to execute job 2 for task Extract_Data (Bash command failed. The command returned a non-zero exit code 1.; 224)
[2025-05-20T09:02:18.042+0000] {local_task_job.py:156} INFO - Task exited with return code 1
[2025-05-20T09:02:18.083+0000] {local_task_job.py:279} INFO - 0 downstream tasks scheduled from follow-on schedule check
