[2025-05-20T09:19:13.930+0000] {taskinstance.py:1171} INFO - Dependencies all met for <TaskInstance: Scheduler_Traffict_Accident.Extract_Data manual__2025-05-20T09:19:13.016360+00:00 [queued]>
[2025-05-20T09:19:13.942+0000] {taskinstance.py:1171} INFO - Dependencies all met for <TaskInstance: Scheduler_Traffict_Accident.Extract_Data manual__2025-05-20T09:19:13.016360+00:00 [queued]>
[2025-05-20T09:19:13.944+0000] {taskinstance.py:1368} INFO - 
--------------------------------------------------------------------------------
[2025-05-20T09:19:13.948+0000] {taskinstance.py:1369} INFO - Starting attempt 1 of 2
[2025-05-20T09:19:13.948+0000] {taskinstance.py:1370} INFO - 
--------------------------------------------------------------------------------
[2025-05-20T09:19:13.965+0000] {taskinstance.py:1389} INFO - Executing <Task(BashOperator): Extract_Data> on 2025-05-20 09:19:13.016360+00:00
[2025-05-20T09:19:13.970+0000] {standard_task_runner.py:52} INFO - Started process 244 to run task
[2025-05-20T09:19:13.973+0000] {standard_task_runner.py:79} INFO - Running: ['***', 'tasks', 'run', 'Scheduler_Traffict_Accident', 'Extract_Data', 'manual__2025-05-20T09:19:13.016360+00:00', '--job-id', '2', '--raw', '--subdir', 'DAGS_FOLDER/Scheduler_Traffict_Accident.py', '--cfg-path', '/tmp/tmp0qy2ql5a', '--error-file', '/tmp/tmp6se13s16']
[2025-05-20T09:19:13.975+0000] {standard_task_runner.py:80} INFO - Job 2: Subtask Extract_Data
[2025-05-20T09:19:14.043+0000] {task_command.py:371} INFO - Running <TaskInstance: Scheduler_Traffict_Accident.Extract_Data manual__2025-05-20T09:19:13.016360+00:00 [running]> on host c69637dbbf82
[2025-05-20T09:19:14.115+0000] {taskinstance.py:1583} INFO - Exporting the following env vars:
AIRFLOW_CTX_DAG_OWNER=Hisham
AIRFLOW_CTX_DAG_ID=Scheduler_Traffict_Accident
AIRFLOW_CTX_TASK_ID=Extract_Data
AIRFLOW_CTX_EXECUTION_DATE=2025-05-20T09:19:13.016360+00:00
AIRFLOW_CTX_TRY_NUMBER=1
AIRFLOW_CTX_DAG_RUN_ID=manual__2025-05-20T09:19:13.016360+00:00
[2025-05-20T09:19:14.118+0000] {subprocess.py:62} INFO - Tmp dir root location: 
 /tmp
[2025-05-20T09:19:14.119+0000] {subprocess.py:74} INFO - Running command: ['/bin/bash', '-c', 'sudo -u *** python /opt/***/scripts/Extract_Data.py']
[2025-05-20T09:19:14.128+0000] {subprocess.py:85} INFO - Output:
[2025-05-20T09:19:15.694+0000] {subprocess.py:92} INFO - WARNING: An illegal reflective access operation has occurred
[2025-05-20T09:19:15.695+0000] {subprocess.py:92} INFO - WARNING: Illegal reflective access by org.apache.spark.unsafe.Platform (file:/home/***/.local/lib/python3.7/site-packages/pyspark/jars/spark-unsafe_2.12-3.1.2.jar) to constructor java.nio.DirectByteBuffer(long,int)
[2025-05-20T09:19:15.695+0000] {subprocess.py:92} INFO - WARNING: Please consider reporting this to the maintainers of org.apache.spark.unsafe.Platform
[2025-05-20T09:19:15.696+0000] {subprocess.py:92} INFO - WARNING: Use --illegal-access=warn to enable warnings of further illegal reflective access operations
[2025-05-20T09:19:15.696+0000] {subprocess.py:92} INFO - WARNING: All illegal access operations will be denied in a future release
[2025-05-20T09:19:15.833+0000] {subprocess.py:92} INFO - :: loading settings :: url = jar:file:/home/***/.local/lib/python3.7/site-packages/pyspark/jars/ivy-2.4.0.jar!/org/apache/ivy/core/settings/ivysettings.xml
[2025-05-20T09:19:15.903+0000] {subprocess.py:92} INFO - Ivy Default Cache set to: /home/***/.ivy2/cache
[2025-05-20T09:19:15.904+0000] {subprocess.py:92} INFO - The jars for the packages stored in: /home/***/.ivy2/jars
[2025-05-20T09:19:15.907+0000] {subprocess.py:92} INFO - org.postgresql#postgresql added as a dependency
[2025-05-20T09:19:15.908+0000] {subprocess.py:92} INFO - :: resolving dependencies :: org.apache.spark#spark-submit-parent-60ca9c37-c4d7-4b65-ada6-0c3709e82fb8;1.0
[2025-05-20T09:19:15.909+0000] {subprocess.py:92} INFO - 	confs: [default]
[2025-05-20T09:19:18.037+0000] {subprocess.py:92} INFO - 	found org.postgresql#postgresql;42.6.0 in central
[2025-05-20T09:19:19.098+0000] {subprocess.py:92} INFO - 	found org.checkerframework#checker-qual;3.31.0 in central
[2025-05-20T09:19:19.111+0000] {subprocess.py:92} INFO - downloading https://repo1.maven.org/maven2/org/postgresql/postgresql/42.6.0/postgresql-42.6.0.jar ...
[2025-05-20T09:19:20.318+0000] {subprocess.py:92} INFO - downloading https://repo1.maven.org/maven2/org/checkerframework/checker-qual/3.31.0/checker-qual-3.31.0.jar ...
[2025-05-20T09:19:20.546+0000] {subprocess.py:92} INFO - 	[SUCCESSFUL ] org.checkerframework#checker-qual;3.31.0!checker-qual.jar (229ms)
[2025-05-20T09:19:20.547+0000] {subprocess.py:92} INFO - :: resolution report :: resolve 3201ms :: artifacts dl 1438ms
[2025-05-20T09:19:20.549+0000] {subprocess.py:92} INFO - 	:: modules in use:
[2025-05-20T09:19:20.550+0000] {subprocess.py:92} INFO - 	org.checkerframework#checker-qual;3.31.0 from central in [default]
[2025-05-20T09:19:20.550+0000] {subprocess.py:92} INFO - 	org.postgresql#postgresql;42.6.0 from central in [default]
[2025-05-20T09:19:20.551+0000] {subprocess.py:92} INFO - 	---------------------------------------------------------------------
[2025-05-20T09:19:20.552+0000] {subprocess.py:92} INFO - 	|                  |            modules            ||   artifacts   |
[2025-05-20T09:19:20.553+0000] {subprocess.py:92} INFO - 	|       conf       | number| search|dwnlded|evicted|| number|dwnlded|
[2025-05-20T09:19:20.554+0000] {subprocess.py:92} INFO - 	---------------------------------------------------------------------
[2025-05-20T09:19:20.555+0000] {subprocess.py:92} INFO - 	|      default     |   2   |   2   |   2   |   0   ||   2   |   1   |
[2025-05-20T09:19:20.556+0000] {subprocess.py:92} INFO - 	---------------------------------------------------------------------
[2025-05-20T09:19:20.557+0000] {subprocess.py:92} INFO - 
[2025-05-20T09:19:20.558+0000] {subprocess.py:92} INFO - :: problems summary ::
[2025-05-20T09:19:20.559+0000] {subprocess.py:92} INFO - :::: WARNINGS
[2025-05-20T09:19:20.560+0000] {subprocess.py:92} INFO - 		[FAILED     ] org.postgresql#postgresql;42.6.0!postgresql.jar: Downloaded file size doesn't match expected Content Length for https://repo1.maven.org/maven2/org/postgresql/postgresql/42.6.0/postgresql-42.6.0.jar. Please retry. (1205ms)
[2025-05-20T09:19:20.560+0000] {subprocess.py:92} INFO - 
[2025-05-20T09:19:20.561+0000] {subprocess.py:92} INFO - 		[FAILED     ] org.postgresql#postgresql;42.6.0!postgresql.jar: Downloaded file size doesn't match expected Content Length for https://repo1.maven.org/maven2/org/postgresql/postgresql/42.6.0/postgresql-42.6.0.jar. Please retry. (1205ms)
[2025-05-20T09:19:20.562+0000] {subprocess.py:92} INFO - 
[2025-05-20T09:19:20.562+0000] {subprocess.py:92} INFO - 	==== central: tried
[2025-05-20T09:19:20.564+0000] {subprocess.py:92} INFO - 
[2025-05-20T09:19:20.564+0000] {subprocess.py:92} INFO - 	  https://repo1.maven.org/maven2/org/postgresql/postgresql/42.6.0/postgresql-42.6.0.jar
[2025-05-20T09:19:20.565+0000] {subprocess.py:92} INFO - 
[2025-05-20T09:19:20.566+0000] {subprocess.py:92} INFO - 		::::::::::::::::::::::::::::::::::::::::::::::
[2025-05-20T09:19:20.567+0000] {subprocess.py:92} INFO - 
[2025-05-20T09:19:20.568+0000] {subprocess.py:92} INFO - 		::              FAILED DOWNLOADS            ::
[2025-05-20T09:19:20.570+0000] {subprocess.py:92} INFO - 
[2025-05-20T09:19:20.571+0000] {subprocess.py:92} INFO - 		:: ^ see resolution messages for details  ^ ::
[2025-05-20T09:19:20.572+0000] {subprocess.py:92} INFO - 
[2025-05-20T09:19:20.574+0000] {subprocess.py:92} INFO - 		::::::::::::::::::::::::::::::::::::::::::::::
[2025-05-20T09:19:20.575+0000] {subprocess.py:92} INFO - 
[2025-05-20T09:19:20.577+0000] {subprocess.py:92} INFO - 		:: org.postgresql#postgresql;42.6.0!postgresql.jar
[2025-05-20T09:19:20.577+0000] {subprocess.py:92} INFO - 
[2025-05-20T09:19:20.578+0000] {subprocess.py:92} INFO - 		::::::::::::::::::::::::::::::::::::::::::::::
[2025-05-20T09:19:20.580+0000] {subprocess.py:92} INFO - 
[2025-05-20T09:19:20.581+0000] {subprocess.py:92} INFO - 
[2025-05-20T09:19:20.582+0000] {subprocess.py:92} INFO - 
[2025-05-20T09:19:20.583+0000] {subprocess.py:92} INFO - :: USE VERBOSE OR DEBUG MESSAGE LEVEL FOR MORE DETAILS
[2025-05-20T09:19:20.585+0000] {subprocess.py:92} INFO - Exception in thread "main" java.lang.RuntimeException: [download failed: org.postgresql#postgresql;42.6.0!postgresql.jar]
[2025-05-20T09:19:20.586+0000] {subprocess.py:92} INFO - 	at org.apache.spark.deploy.SparkSubmitUtils$.resolveMavenCoordinates(SparkSubmit.scala:1429)
[2025-05-20T09:19:20.587+0000] {subprocess.py:92} INFO - 	at org.apache.spark.deploy.DependencyUtils$.resolveMavenDependencies(DependencyUtils.scala:54)
[2025-05-20T09:19:20.588+0000] {subprocess.py:92} INFO - 	at org.apache.spark.deploy.SparkSubmit.prepareSubmitEnvironment(SparkSubmit.scala:308)
[2025-05-20T09:19:20.589+0000] {subprocess.py:92} INFO - 	at org.apache.spark.deploy.SparkSubmit.org$apache$spark$deploy$SparkSubmit$$runMain(SparkSubmit.scala:894)
[2025-05-20T09:19:20.590+0000] {subprocess.py:92} INFO - 	at org.apache.spark.deploy.SparkSubmit.doRunMain$1(SparkSubmit.scala:180)
[2025-05-20T09:19:20.591+0000] {subprocess.py:92} INFO - 	at org.apache.spark.deploy.SparkSubmit.submit(SparkSubmit.scala:203)
[2025-05-20T09:19:20.592+0000] {subprocess.py:92} INFO - 	at org.apache.spark.deploy.SparkSubmit.doSubmit(SparkSubmit.scala:90)
[2025-05-20T09:19:20.593+0000] {subprocess.py:92} INFO - 	at org.apache.spark.deploy.SparkSubmit$$anon$2.doSubmit(SparkSubmit.scala:1039)
[2025-05-20T09:19:20.593+0000] {subprocess.py:92} INFO - 	at org.apache.spark.deploy.SparkSubmit$.main(SparkSubmit.scala:1048)
[2025-05-20T09:19:20.594+0000] {subprocess.py:92} INFO - 	at org.apache.spark.deploy.SparkSubmit.main(SparkSubmit.scala)
[2025-05-20T09:19:20.678+0000] {subprocess.py:92} INFO - Traceback (most recent call last):
[2025-05-20T09:19:20.679+0000] {subprocess.py:92} INFO -   File "/opt/***/scripts/Extract_Data.py", line 9, in <module>
[2025-05-20T09:19:20.679+0000] {subprocess.py:92} INFO -     .config("spark.jars.packages", "org.postgresql:postgresql:42.6.0") \
[2025-05-20T09:19:20.680+0000] {subprocess.py:92} INFO -   File "/home/***/.local/lib/python3.7/site-packages/pyspark/sql/session.py", line 228, in getOrCreate
[2025-05-20T09:19:20.681+0000] {subprocess.py:92} INFO -     sc = SparkContext.getOrCreate(sparkConf)
[2025-05-20T09:19:20.681+0000] {subprocess.py:92} INFO -   File "/home/***/.local/lib/python3.7/site-packages/pyspark/context.py", line 384, in getOrCreate
[2025-05-20T09:19:20.682+0000] {subprocess.py:92} INFO -     SparkContext(conf=conf or SparkConf())
[2025-05-20T09:19:20.682+0000] {subprocess.py:92} INFO -   File "/home/***/.local/lib/python3.7/site-packages/pyspark/context.py", line 144, in __init__
[2025-05-20T09:19:20.683+0000] {subprocess.py:92} INFO -     SparkContext._ensure_initialized(self, gateway=gateway, conf=conf)
[2025-05-20T09:19:20.684+0000] {subprocess.py:92} INFO -   File "/home/***/.local/lib/python3.7/site-packages/pyspark/context.py", line 331, in _ensure_initialized
[2025-05-20T09:19:20.685+0000] {subprocess.py:92} INFO -     SparkContext._gateway = gateway or launch_gateway(conf)
[2025-05-20T09:19:20.685+0000] {subprocess.py:92} INFO -   File "/home/***/.local/lib/python3.7/site-packages/pyspark/java_gateway.py", line 108, in launch_gateway
[2025-05-20T09:19:20.686+0000] {subprocess.py:92} INFO -     raise Exception("Java gateway process exited before sending its port number")
[2025-05-20T09:19:20.686+0000] {subprocess.py:92} INFO - Exception: Java gateway process exited before sending its port number
[2025-05-20T09:19:20.723+0000] {subprocess.py:96} INFO - Command exited with return code 1
[2025-05-20T09:19:20.739+0000] {taskinstance.py:1902} ERROR - Task failed with exception
Traceback (most recent call last):
  File "/home/airflow/.local/lib/python3.7/site-packages/airflow/operators/bash.py", line 197, in execute
    f'Bash command failed. The command returned a non-zero exit code {result.exit_code}.'
airflow.exceptions.AirflowException: Bash command failed. The command returned a non-zero exit code 1.
[2025-05-20T09:19:20.744+0000] {taskinstance.py:1412} INFO - Marking task as UP_FOR_RETRY. dag_id=Scheduler_Traffict_Accident, task_id=Extract_Data, execution_date=20250520T091913, start_date=20250520T091913, end_date=20250520T091920
[2025-05-20T09:19:20.757+0000] {standard_task_runner.py:97} ERROR - Failed to execute job 2 for task Extract_Data (Bash command failed. The command returned a non-zero exit code 1.; 244)
[2025-05-20T09:19:20.803+0000] {local_task_job.py:156} INFO - Task exited with return code 1
[2025-05-20T09:19:20.838+0000] {local_task_job.py:279} INFO - 0 downstream tasks scheduled from follow-on schedule check
